<?xml version="1.0" encoding="utf-8"?>
<coverage line-rate="0.7539" branch-rate="0.5519" version="1.9" timestamp="1733750232" lines-covered="2464" lines-valid="3268" branches-covered="616" branches-valid="1116">
  <sources>
    <source>C:\Users\jakub\Desktop\harmonyio\algorithm\Algorithm\New\</source>
  </sources>
  <packages>
    <package name="Algorithm" line-rate="0.7539" branch-rate="0.5519" complexity="1314">
      <classes>
        <class name="Algorithm.New.Constants" filename="Constants.cs" line-rate="1" branch-rate="1" complexity="1">
          <methods>
            <method name=".cctor" signature="()" line-rate="1" branch-rate="1" complexity="1">
              <lines>
                <line number="31" hits="1" branch="False" />
                <line number="32" hits="1" branch="False" />
                <line number="33" hits="1" branch="False" />
                <line number="36" hits="1" branch="False" />
                <line number="37" hits="1" branch="False" />
                <line number="38" hits="1" branch="False" />
                <line number="39" hits="1" branch="False" />
                <line number="40" hits="1" branch="False" />
                <line number="41" hits="1" branch="False" />
                <line number="42" hits="1" branch="False" />
                <line number="43" hits="1" branch="False" />
                <line number="44" hits="1" branch="False" />
                <line number="45" hits="1" branch="False" />
                <line number="46" hits="1" branch="False" />
                <line number="47" hits="1" branch="False" />
                <line number="48" hits="1" branch="False" />
                <line number="49" hits="1" branch="False" />
                <line number="50" hits="1" branch="False" />
                <line number="51" hits="1" branch="False" />
                <line number="52" hits="1" branch="False" />
                <line number="53" hits="1" branch="False" />
                <line number="54" hits="1" branch="False" />
                <line number="55" hits="1" branch="False" />
                <line number="56" hits="1" branch="False" />
                <line number="60" hits="1" branch="False" />
                <line number="61" hits="1" branch="False" />
                <line number="62" hits="1" branch="False" />
                <line number="63" hits="1" branch="False" />
                <line number="64" hits="1" branch="False" />
                <line number="65" hits="1" branch="False" />
                <line number="66" hits="1" branch="False" />
                <line number="67" hits="1" branch="False" />
                <line number="68" hits="1" branch="False" />
                <line number="69" hits="1" branch="False" />
                <line number="70" hits="1" branch="False" />
                <line number="71" hits="1" branch="False" />
                <line number="73" hits="1" branch="False" />
                <line number="74" hits="1" branch="False" />
                <line number="75" hits="1" branch="False" />
                <line number="76" hits="1" branch="False" />
                <line number="77" hits="1" branch="False" />
                <line number="78" hits="1" branch="False" />
                <line number="79" hits="1" branch="False" />
                <line number="80" hits="1" branch="False" />
                <line number="81" hits="1" branch="False" />
                <line number="82" hits="1" branch="False" />
                <line number="83" hits="1" branch="False" />
                <line number="84" hits="1" branch="False" />
                <line number="85" hits="1" branch="False" />
                <line number="86" hits="1" branch="False" />
                <line number="87" hits="1" branch="False" />
                <line number="88" hits="1" branch="False" />
                <line number="89" hits="1" branch="False" />
                <line number="90" hits="1" branch="False" />
                <line number="91" hits="1" branch="False" />
                <line number="92" hits="1" branch="False" />
                <line number="93" hits="1" branch="False" />
                <line number="94" hits="1" branch="False" />
                <line number="95" hits="1" branch="False" />
                <line number="96" hits="1" branch="False" />
                <line number="97" hits="1" branch="False" />
                <line number="98" hits="1" branch="False" />
                <line number="99" hits="1" branch="False" />
                <line number="100" hits="1" branch="False" />
                <line number="101" hits="1" branch="False" />
                <line number="102" hits="1" branch="False" />
                <line number="103" hits="1" branch="False" />
                <line number="104" hits="1" branch="False" />
                <line number="105" hits="1" branch="False" />
                <line number="106" hits="1" branch="False" />
                <line number="107" hits="1" branch="False" />
                <line number="108" hits="1" branch="False" />
                <line number="109" hits="1" branch="False" />
                <line number="110" hits="1" branch="False" />
                <line number="111" hits="1" branch="False" />
                <line number="112" hits="1" branch="False" />
                <line number="113" hits="1" branch="False" />
                <line number="114" hits="1" branch="False" />
                <line number="115" hits="1" branch="False" />
                <line number="116" hits="1" branch="False" />
                <line number="117" hits="1" branch="False" />
                <line number="118" hits="1" branch="False" />
                <line number="119" hits="1" branch="False" />
                <line number="120" hits="1" branch="False" />
                <line number="121" hits="1" branch="False" />
                <line number="122" hits="1" branch="False" />
                <line number="123" hits="1" branch="False" />
                <line number="124" hits="1" branch="False" />
                <line number="125" hits="1" branch="False" />
                <line number="126" hits="1" branch="False" />
                <line number="127" hits="1" branch="False" />
                <line number="128" hits="1" branch="False" />
                <line number="129" hits="1" branch="False" />
                <line number="130" hits="1" branch="False" />
                <line number="131" hits="1" branch="False" />
                <line number="132" hits="1" branch="False" />
                <line number="133" hits="1" branch="False" />
                <line number="134" hits="1" branch="False" />
                <line number="135" hits="1" branch="False" />
                <line number="136" hits="1" branch="False" />
                <line number="137" hits="1" branch="False" />
                <line number="138" hits="1" branch="False" />
                <line number="139" hits="1" branch="False" />
                <line number="140" hits="1" branch="False" />
                <line number="141" hits="1" branch="False" />
                <line number="142" hits="1" branch="False" />
                <line number="143" hits="1" branch="False" />
                <line number="144" hits="1" branch="False" />
                <line number="145" hits="1" branch="False" />
                <line number="146" hits="1" branch="False" />
                <line number="147" hits="1" branch="False" />
                <line number="148" hits="1" branch="False" />
                <line number="149" hits="1" branch="False" />
                <line number="150" hits="1" branch="False" />
                <line number="151" hits="1" branch="False" />
                <line number="152" hits="1" branch="False" />
              </lines>
            </method>
          </methods>
          <lines>
            <line number="31" hits="1" branch="False" />
            <line number="32" hits="1" branch="False" />
            <line number="33" hits="1" branch="False" />
            <line number="36" hits="1" branch="False" />
            <line number="37" hits="1" branch="False" />
            <line number="38" hits="1" branch="False" />
            <line number="39" hits="1" branch="False" />
            <line number="40" hits="1" branch="False" />
            <line number="41" hits="1" branch="False" />
            <line number="42" hits="1" branch="False" />
            <line number="43" hits="1" branch="False" />
            <line number="44" hits="1" branch="False" />
            <line number="45" hits="1" branch="False" />
            <line number="46" hits="1" branch="False" />
            <line number="47" hits="1" branch="False" />
            <line number="48" hits="1" branch="False" />
            <line number="49" hits="1" branch="False" />
            <line number="50" hits="1" branch="False" />
            <line number="51" hits="1" branch="False" />
            <line number="52" hits="1" branch="False" />
            <line number="53" hits="1" branch="False" />
            <line number="54" hits="1" branch="False" />
            <line number="55" hits="1" branch="False" />
            <line number="56" hits="1" branch="False" />
            <line number="60" hits="1" branch="False" />
            <line number="61" hits="1" branch="False" />
            <line number="62" hits="1" branch="False" />
            <line number="63" hits="1" branch="False" />
            <line number="64" hits="1" branch="False" />
            <line number="65" hits="1" branch="False" />
            <line number="66" hits="1" branch="False" />
            <line number="67" hits="1" branch="False" />
            <line number="68" hits="1" branch="False" />
            <line number="69" hits="1" branch="False" />
            <line number="70" hits="1" branch="False" />
            <line number="71" hits="1" branch="False" />
            <line number="73" hits="1" branch="False" />
            <line number="74" hits="1" branch="False" />
            <line number="75" hits="1" branch="False" />
            <line number="76" hits="1" branch="False" />
            <line number="77" hits="1" branch="False" />
            <line number="78" hits="1" branch="False" />
            <line number="79" hits="1" branch="False" />
            <line number="80" hits="1" branch="False" />
            <line number="81" hits="1" branch="False" />
            <line number="82" hits="1" branch="False" />
            <line number="83" hits="1" branch="False" />
            <line number="84" hits="1" branch="False" />
            <line number="85" hits="1" branch="False" />
            <line number="86" hits="1" branch="False" />
            <line number="87" hits="1" branch="False" />
            <line number="88" hits="1" branch="False" />
            <line number="89" hits="1" branch="False" />
            <line number="90" hits="1" branch="False" />
            <line number="91" hits="1" branch="False" />
            <line number="92" hits="1" branch="False" />
            <line number="93" hits="1" branch="False" />
            <line number="94" hits="1" branch="False" />
            <line number="95" hits="1" branch="False" />
            <line number="96" hits="1" branch="False" />
            <line number="97" hits="1" branch="False" />
            <line number="98" hits="1" branch="False" />
            <line number="99" hits="1" branch="False" />
            <line number="100" hits="1" branch="False" />
            <line number="101" hits="1" branch="False" />
            <line number="102" hits="1" branch="False" />
            <line number="103" hits="1" branch="False" />
            <line number="104" hits="1" branch="False" />
            <line number="105" hits="1" branch="False" />
            <line number="106" hits="1" branch="False" />
            <line number="107" hits="1" branch="False" />
            <line number="108" hits="1" branch="False" />
            <line number="109" hits="1" branch="False" />
            <line number="110" hits="1" branch="False" />
            <line number="111" hits="1" branch="False" />
            <line number="112" hits="1" branch="False" />
            <line number="113" hits="1" branch="False" />
            <line number="114" hits="1" branch="False" />
            <line number="115" hits="1" branch="False" />
            <line number="116" hits="1" branch="False" />
            <line number="117" hits="1" branch="False" />
            <line number="118" hits="1" branch="False" />
            <line number="119" hits="1" branch="False" />
            <line number="120" hits="1" branch="False" />
            <line number="121" hits="1" branch="False" />
            <line number="122" hits="1" branch="False" />
            <line number="123" hits="1" branch="False" />
            <line number="124" hits="1" branch="False" />
            <line number="125" hits="1" branch="False" />
            <line number="126" hits="1" branch="False" />
            <line number="127" hits="1" branch="False" />
            <line number="128" hits="1" branch="False" />
            <line number="129" hits="1" branch="False" />
            <line number="130" hits="1" branch="False" />
            <line number="131" hits="1" branch="False" />
            <line number="132" hits="1" branch="False" />
            <line number="133" hits="1" branch="False" />
            <line number="134" hits="1" branch="False" />
            <line number="135" hits="1" branch="False" />
            <line number="136" hits="1" branch="False" />
            <line number="137" hits="1" branch="False" />
            <line number="138" hits="1" branch="False" />
            <line number="139" hits="1" branch="False" />
            <line number="140" hits="1" branch="False" />
            <line number="141" hits="1" branch="False" />
            <line number="142" hits="1" branch="False" />
            <line number="143" hits="1" branch="False" />
            <line number="144" hits="1" branch="False" />
            <line number="145" hits="1" branch="False" />
            <line number="146" hits="1" branch="False" />
            <line number="147" hits="1" branch="False" />
            <line number="148" hits="1" branch="False" />
            <line number="149" hits="1" branch="False" />
            <line number="150" hits="1" branch="False" />
            <line number="151" hits="1" branch="False" />
            <line number="152" hits="1" branch="False" />
          </lines>
        </class>
        <class name="Algorithm.New.Utils.Combinations" filename="Utils\Combinations.cs" line-rate="1" branch-rate="1" complexity="6">
          <methods>
            <method name="Generate" signature="(System.Collections.Generic.List`1&lt;T&gt;)" line-rate="1" branch-rate="1" complexity="1">
              <lines>
                <line number="6" hits="98" branch="False" />
                <line number="7" hits="98" branch="False" />
                <line number="8" hits="98" branch="False" />
                <line number="9" hits="98" branch="False" />
                <line number="10" hits="98" branch="False" />
              </lines>
            </method>
            <method name="GenerateRecursive" signature="(System.Collections.Generic.List`1&lt;T&gt;,System.Int32,System.Collections.Generic.List`1&lt;System.Collections.Generic.List`1&lt;T&gt;&gt;)" line-rate="1" branch-rate="1" complexity="4">
              <lines>
                <line number="13" hits="4018" branch="False" />
                <line number="14" hits="4018" branch="True" condition-coverage="100% (2/2)">
                  <conditions>
                    <condition number="14" type="jump" coverage="100%" />
                  </conditions>
                </line>
                <line number="15" hits="2352" branch="False" />
                <line number="16" hits="2352" branch="False" />
                <line number="17" hits="2352" branch="False" />
                <line number="20" hits="11172" branch="True" condition-coverage="100% (2/2)">
                  <conditions>
                    <condition number="82" type="jump" coverage="100%" />
                  </conditions>
                </line>
                <line number="21" hits="3920" branch="False" />
                <line number="22" hits="3920" branch="False" />
                <line number="23" hits="3920" branch="False" />
                <line number="24" hits="3920" branch="False" />
                <line number="25" hits="3920" branch="False" />
                <line number="26" hits="4018" branch="False" />
              </lines>
            </method>
            <method name="Swap" signature="(System.Collections.Generic.List`1&lt;T&gt;,System.Int32,System.Int32)" line-rate="1" branch-rate="1" complexity="1">
              <lines>
                <line number="29" hits="7840" branch="False" />
              </lines>
            </method>
          </methods>
          <lines>
            <line number="6" hits="98" branch="False" />
            <line number="7" hits="98" branch="False" />
            <line number="8" hits="98" branch="False" />
            <line number="9" hits="98" branch="False" />
            <line number="10" hits="98" branch="False" />
            <line number="13" hits="4018" branch="False" />
            <line number="14" hits="4018" branch="True" condition-coverage="100% (2/2)">
              <conditions>
                <condition number="14" type="jump" coverage="100%" />
              </conditions>
            </line>
            <line number="15" hits="2352" branch="False" />
            <line number="16" hits="2352" branch="False" />
            <line number="17" hits="2352" branch="False" />
            <line number="20" hits="11172" branch="True" condition-coverage="100% (2/2)">
              <conditions>
                <condition number="82" type="jump" coverage="100%" />
              </conditions>
            </line>
            <line number="21" hits="3920" branch="False" />
            <line number="22" hits="3920" branch="False" />
            <line number="23" hits="3920" branch="False" />
            <line number="24" hits="3920" branch="False" />
            <line number="25" hits="3920" branch="False" />
            <line number="26" hits="4018" branch="False" />
            <line number="29" hits="7840" branch="False" />
          </lines>
        </class>
        <class name="Algorithm.New.Utils.Converters" filename="Utils\Converters.cs" line-rate="1" branch-rate="0.75" complexity="4">
          <methods>
            <method name="ComponentToNote" signature="(Algorithm.New.Music.Component,Algorithm.New.Music.Function)" line-rate="1" branch-rate="0.75" complexity="4">
              <lines>
                <line number="8" hits="1704" branch="False" />
                <line number="9" hits="1704" branch="False" />
                <line number="10" hits="1704" branch="False" />
                <line number="12" hits="1704" branch="False" />
                <line number="13" hits="1704" branch="True" condition-coverage="50% (1/2)">
                  <conditions>
                    <condition number="43" type="jump" coverage="50%" />
                  </conditions>
                </line>
                <line number="15" hits="1704" branch="True" condition-coverage="100% (2/2)">
                  <conditions>
                    <condition number="60" type="jump" coverage="100%" />
                  </conditions>
                </line>
                <line number="16" hits="32" branch="False" />
                <line number="18" hits="1704" branch="False" />
                <line number="19" hits="1704" branch="False" />
                <line number="20" hits="1704" branch="False" />
                <line number="22" hits="1704" branch="False" />
                <line number="23" hits="1704" branch="False" />
              </lines>
            </method>
          </methods>
          <lines>
            <line number="8" hits="1704" branch="False" />
            <line number="9" hits="1704" branch="False" />
            <line number="10" hits="1704" branch="False" />
            <line number="12" hits="1704" branch="False" />
            <line number="13" hits="1704" branch="True" condition-coverage="50% (1/2)">
              <conditions>
                <condition number="43" type="jump" coverage="50%" />
              </conditions>
            </line>
            <line number="15" hits="1704" branch="True" condition-coverage="100% (2/2)">
              <conditions>
                <condition number="60" type="jump" coverage="100%" />
              </conditions>
            </line>
            <line number="16" hits="32" branch="False" />
            <line number="18" hits="1704" branch="False" />
            <line number="19" hits="1704" branch="False" />
            <line number="20" hits="1704" branch="False" />
            <line number="22" hits="1704" branch="False" />
            <line number="23" hits="1704" branch="False" />
          </lines>
        </class>
        <class name="Algorithm.New.Utils.Interval" filename="Utils\Interval.cs" line-rate="0.7943000000000001" branch-rate="0.5357" complexity="31">
          <methods>
            <method name="Determinant" signature="(Algorithm.New.Music.Note)" line-rate="0.8" branch-rate="0.5" complexity="4">
              <lines>
                <line number="94" hits="94558" branch="False" />
                <line number="95" hits="94558" branch="True" condition-coverage="50% (1/2)">
                  <conditions>
                    <condition number="7" type="jump" coverage="50%" />
                  </conditions>
                </line>
                <line number="96" hits="0" branch="False" />
                <line number="98" hits="94558" branch="False" />
                <line number="99" hits="94558" branch="False" />
                <line number="101" hits="94558" branch="True" condition-coverage="50% (1/2)">
                  <conditions>
                    <condition number="51" type="jump" coverage="50%" />
                  </conditions>
                </line>
                <line number="102" hits="0" branch="False" />
                <line number="104" hits="94558" branch="False" />
                <line number="106" hits="94558" branch="False" />
                <line number="107" hits="94558" branch="False" />
              </lines>
            </method>
            <method name="IsLower" signature="(Algorithm.New.Music.Note,Algorithm.New.Music.Note)" line-rate="1" branch-rate="1" complexity="1">
              <lines>
                <line number="109" hits="10781" branch="False" />
              </lines>
            </method>
            <method name="SetCloser" signature="(Algorithm.New.Music.Note,Algorithm.New.Music.Note)" line-rate="0" branch-rate="0" complexity="8">
              <lines>
                <line number="112" hits="0" branch="False" />
                <line number="113" hits="0" branch="True" condition-coverage="0% (0/4)">
                  <conditions>
                    <condition number="2" type="jump" coverage="0%" />
                    <condition number="15" type="jump" coverage="0%" />
                  </conditions>
                </line>
                <line number="114" hits="0" branch="False" />
                <line number="116" hits="0" branch="False" />
                <line number="118" hits="0" branch="False" />
                <line number="119" hits="0" branch="False" />
                <line number="121" hits="0" branch="False" />
                <line number="123" hits="0" branch="False" />
                <line number="124" hits="0" branch="False" />
                <line number="125" hits="0" branch="False" />
                <line number="127" hits="0" branch="False" />
                <line number="129" hits="0" branch="True" condition-coverage="0% (0/2)">
                  <conditions>
                    <condition number="152" type="jump" coverage="0%" />
                  </conditions>
                </line>
                <line number="130" hits="0" branch="False" />
                <line number="131" hits="0" branch="True" condition-coverage="0% (0/2)">
                  <conditions>
                    <condition number="166" type="jump" coverage="0%" />
                  </conditions>
                </line>
                <line number="132" hits="0" branch="False" />
                <line number="134" hits="0" branch="False" />
                <line number="135" hits="0" branch="False" />
              </lines>
            </method>
            <method name="SemitonesBetween" signature="(Algorithm.New.Music.Note,Algorithm.New.Music.Note)" line-rate="1" branch-rate="1" complexity="1">
              <lines>
                <line number="138" hits="34872" branch="False" />
                <line number="139" hits="34872" branch="False" />
                <line number="140" hits="34872" branch="False" />
                <line number="142" hits="34872" branch="False" />
                <line number="143" hits="34872" branch="False" />
              </lines>
            </method>
            <method name="IntervalBetween" signature="(Algorithm.New.Music.Note,Algorithm.New.Music.Note)" line-rate="0.8965000000000001" branch-rate="0.8125" complexity="16">
              <lines>
                <line number="146" hits="2233" branch="False" />
                <line number="147" hits="2233" branch="True" condition-coverage="100% (4/4)">
                  <conditions>
                    <condition number="8" type="jump" coverage="100%" />
                    <condition number="21" type="jump" coverage="100%" />
                  </conditions>
                </line>
                <line number="148" hits="3" branch="False" />
                <line number="151" hits="2230" branch="True" condition-coverage="75% (3/4)">
                  <conditions>
                    <condition number="48" type="jump" coverage="100%" />
                    <condition number="73" type="jump" coverage="50%" />
                  </conditions>
                </line>
                <line number="152" hits="0" branch="False" />
                <line number="153" hits="2230" branch="True" condition-coverage="100% (4/4)">
                  <conditions>
                    <condition number="100" type="jump" coverage="100%" />
                    <condition number="125" type="jump" coverage="100%" />
                  </conditions>
                </line>
                <line number="154" hits="74" branch="False" />
                <line number="156" hits="2156" branch="False" />
                <line number="157" hits="2156" branch="False" />
                <line number="158" hits="2156" branch="False" />
                <line number="159" hits="2156" branch="False" />
                <line number="161" hits="2156" branch="False" />
                <line number="162" hits="2156" branch="False" />
                <line number="164" hits="2156" branch="False" />
                <line number="165" hits="2156" branch="False" />
                <line number="167" hits="2156" branch="False" />
                <line number="170" hits="2156" branch="True" condition-coverage="50% (1/2)">
                  <conditions>
                    <condition number="272" type="jump" coverage="50%" />
                  </conditions>
                </line>
                <line number="171" hits="0" branch="False" />
                <line number="173" hits="2156" branch="False" />
                <line number="174" hits="4283" branch="False" />
                <line number="175" hits="2156" branch="False" />
                <line number="177" hits="2156" branch="True" condition-coverage="50% (1/2)">
                  <conditions>
                    <condition number="340" type="jump" coverage="50%" />
                  </conditions>
                </line>
                <line number="178" hits="0" branch="False" />
                <line number="180" hits="2156" branch="False" />
                <line number="181" hits="4283" branch="False" />
                <line number="182" hits="2156" branch="False" />
                <line number="184" hits="2156" branch="False" />
                <line number="186" hits="2156" branch="False" />
                <line number="187" hits="2233" branch="False" />
              </lines>
            </method>
            <method name=".cctor" signature="()" line-rate="1" branch-rate="1" complexity="1">
              <lines>
                <line number="23" hits="1" branch="False" />
                <line number="24" hits="1" branch="False" />
                <line number="25" hits="1" branch="False" />
                <line number="26" hits="1" branch="False" />
                <line number="27" hits="1" branch="False" />
                <line number="28" hits="1" branch="False" />
                <line number="29" hits="1" branch="False" />
                <line number="30" hits="1" branch="False" />
                <line number="31" hits="1" branch="False" />
                <line number="32" hits="1" branch="False" />
                <line number="33" hits="1" branch="False" />
                <line number="34" hits="1" branch="False" />
                <line number="35" hits="1" branch="False" />
                <line number="36" hits="1" branch="False" />
                <line number="37" hits="1" branch="False" />
                <line number="61" hits="1" branch="False" />
                <line number="62" hits="1" branch="False" />
                <line number="63" hits="1" branch="False" />
                <line number="64" hits="1" branch="False" />
                <line number="65" hits="1" branch="False" />
                <line number="66" hits="1" branch="False" />
                <line number="67" hits="1" branch="False" />
                <line number="68" hits="1" branch="False" />
                <line number="69" hits="1" branch="False" />
                <line number="70" hits="1" branch="False" />
                <line number="71" hits="1" branch="False" />
                <line number="72" hits="1" branch="False" />
                <line number="73" hits="1" branch="False" />
                <line number="74" hits="1" branch="False" />
                <line number="75" hits="1" branch="False" />
                <line number="77" hits="1" branch="False" />
                <line number="78" hits="1" branch="False" />
                <line number="79" hits="1" branch="False" />
                <line number="80" hits="1" branch="False" />
                <line number="81" hits="1" branch="False" />
                <line number="82" hits="1" branch="False" />
                <line number="83" hits="1" branch="False" />
                <line number="84" hits="1" branch="False" />
                <line number="85" hits="1" branch="False" />
                <line number="86" hits="1" branch="False" />
                <line number="87" hits="1" branch="False" />
                <line number="88" hits="1" branch="False" />
                <line number="89" hits="1" branch="False" />
                <line number="90" hits="1" branch="False" />
                <line number="91" hits="1" branch="False" />
              </lines>
            </method>
          </methods>
          <lines>
            <line number="94" hits="94558" branch="False" />
            <line number="95" hits="94558" branch="True" condition-coverage="50% (1/2)">
              <conditions>
                <condition number="7" type="jump" coverage="50%" />
              </conditions>
            </line>
            <line number="96" hits="0" branch="False" />
            <line number="98" hits="94558" branch="False" />
            <line number="99" hits="94558" branch="False" />
            <line number="101" hits="94558" branch="True" condition-coverage="50% (1/2)">
              <conditions>
                <condition number="51" type="jump" coverage="50%" />
              </conditions>
            </line>
            <line number="102" hits="0" branch="False" />
            <line number="104" hits="94558" branch="False" />
            <line number="106" hits="94558" branch="False" />
            <line number="107" hits="94558" branch="False" />
            <line number="109" hits="10781" branch="False" />
            <line number="112" hits="0" branch="False" />
            <line number="113" hits="0" branch="True" condition-coverage="0% (0/4)">
              <conditions>
                <condition number="2" type="jump" coverage="0%" />
                <condition number="15" type="jump" coverage="0%" />
              </conditions>
            </line>
            <line number="114" hits="0" branch="False" />
            <line number="116" hits="0" branch="False" />
            <line number="118" hits="0" branch="False" />
            <line number="119" hits="0" branch="False" />
            <line number="121" hits="0" branch="False" />
            <line number="123" hits="0" branch="False" />
            <line number="124" hits="0" branch="False" />
            <line number="125" hits="0" branch="False" />
            <line number="127" hits="0" branch="False" />
            <line number="129" hits="0" branch="True" condition-coverage="0% (0/2)">
              <conditions>
                <condition number="152" type="jump" coverage="0%" />
              </conditions>
            </line>
            <line number="130" hits="0" branch="False" />
            <line number="131" hits="0" branch="True" condition-coverage="0% (0/2)">
              <conditions>
                <condition number="166" type="jump" coverage="0%" />
              </conditions>
            </line>
            <line number="132" hits="0" branch="False" />
            <line number="134" hits="0" branch="False" />
            <line number="135" hits="0" branch="False" />
            <line number="138" hits="34872" branch="False" />
            <line number="139" hits="34872" branch="False" />
            <line number="140" hits="34872" branch="False" />
            <line number="142" hits="34872" branch="False" />
            <line number="143" hits="34872" branch="False" />
            <line number="146" hits="2233" branch="False" />
            <line number="147" hits="2233" branch="True" condition-coverage="100% (4/4)">
              <conditions>
                <condition number="8" type="jump" coverage="100%" />
                <condition number="21" type="jump" coverage="100%" />
              </conditions>
            </line>
            <line number="148" hits="3" branch="False" />
            <line number="151" hits="2230" branch="True" condition-coverage="75% (3/4)">
              <conditions>
                <condition number="48" type="jump" coverage="100%" />
                <condition number="73" type="jump" coverage="50%" />
              </conditions>
            </line>
            <line number="152" hits="0" branch="False" />
            <line number="153" hits="2230" branch="True" condition-coverage="100% (4/4)">
              <conditions>
                <condition number="100" type="jump" coverage="100%" />
                <condition number="125" type="jump" coverage="100%" />
              </conditions>
            </line>
            <line number="154" hits="74" branch="False" />
            <line number="156" hits="2156" branch="False" />
            <line number="157" hits="2156" branch="False" />
            <line number="158" hits="2156" branch="False" />
            <line number="159" hits="2156" branch="False" />
            <line number="161" hits="2156" branch="False" />
            <line number="162" hits="2156" branch="False" />
            <line number="164" hits="2156" branch="False" />
            <line number="165" hits="2156" branch="False" />
            <line number="167" hits="2156" branch="False" />
            <line number="170" hits="2156" branch="True" condition-coverage="50% (1/2)">
              <conditions>
                <condition number="272" type="jump" coverage="50%" />
              </conditions>
            </line>
            <line number="171" hits="0" branch="False" />
            <line number="173" hits="2156" branch="False" />
            <line number="174" hits="4283" branch="False" />
            <line number="175" hits="2156" branch="False" />
            <line number="177" hits="2156" branch="True" condition-coverage="50% (1/2)">
              <conditions>
                <condition number="340" type="jump" coverage="50%" />
              </conditions>
            </line>
            <line number="178" hits="0" branch="False" />
            <line number="180" hits="2156" branch="False" />
            <line number="181" hits="4283" branch="False" />
            <line number="182" hits="2156" branch="False" />
            <line number="184" hits="2156" branch="False" />
            <line number="186" hits="2156" branch="False" />
            <line number="187" hits="2233" branch="False" />
            <line number="23" hits="1" branch="False" />
            <line number="24" hits="1" branch="False" />
            <line number="25" hits="1" branch="False" />
            <line number="26" hits="1" branch="False" />
            <line number="27" hits="1" branch="False" />
            <line number="28" hits="1" branch="False" />
            <line number="29" hits="1" branch="False" />
            <line number="30" hits="1" branch="False" />
            <line number="31" hits="1" branch="False" />
            <line number="32" hits="1" branch="False" />
            <line number="33" hits="1" branch="False" />
            <line number="34" hits="1" branch="False" />
            <line number="35" hits="1" branch="False" />
            <line number="36" hits="1" branch="False" />
            <line number="37" hits="1" branch="False" />
            <line number="61" hits="1" branch="False" />
            <line number="62" hits="1" branch="False" />
            <line number="63" hits="1" branch="False" />
            <line number="64" hits="1" branch="False" />
            <line number="65" hits="1" branch="False" />
            <line number="66" hits="1" branch="False" />
            <line number="67" hits="1" branch="False" />
            <line number="68" hits="1" branch="False" />
            <line number="69" hits="1" branch="False" />
            <line number="70" hits="1" branch="False" />
            <line number="71" hits="1" branch="False" />
            <line number="72" hits="1" branch="False" />
            <line number="73" hits="1" branch="False" />
            <line number="74" hits="1" branch="False" />
            <line number="75" hits="1" branch="False" />
            <line number="77" hits="1" branch="False" />
            <line number="78" hits="1" branch="False" />
            <line number="79" hits="1" branch="False" />
            <line number="80" hits="1" branch="False" />
            <line number="81" hits="1" branch="False" />
            <line number="82" hits="1" branch="False" />
            <line number="83" hits="1" branch="False" />
            <line number="84" hits="1" branch="False" />
            <line number="85" hits="1" branch="False" />
            <line number="86" hits="1" branch="False" />
            <line number="87" hits="1" branch="False" />
            <line number="88" hits="1" branch="False" />
            <line number="89" hits="1" branch="False" />
            <line number="90" hits="1" branch="False" />
            <line number="91" hits="1" branch="False" />
          </lines>
        </class>
        <class name="Algorithm.New.Utils.Permutations" filename="Utils\Permutations.cs" line-rate="1" branch-rate="1" complexity="5">
          <methods>
            <method name="CreatePermutations" signature="(System.Collections.Generic.List`1&lt;T&gt;,System.Int32)" line-rate="1" branch-rate="1" complexity="1">
              <lines>
                <line number="12" hits="279716" branch="False" />
                <line number="13" hits="279716" branch="False" />
                <line number="14" hits="279716" branch="False" />
                <line number="15" hits="279716" branch="False" />
                <line number="16" hits="279716" branch="False" />
              </lines>
            </method>
            <method name="CreatePermutationsRecursive" signature="(System.Collections.Generic.List`1&lt;T&gt;,System.Collections.Generic.List`1&lt;T&gt;,System.Collections.Generic.List`1&lt;System.Collections.Generic.List`1&lt;T&gt;&gt;,System.Int32,System.Int32)" line-rate="1" branch-rate="1" complexity="4">
              <lines>
                <line number="19" hits="1620811" branch="False" />
                <line number="20" hits="1620811" branch="True" condition-coverage="100% (2/2)">
                  <conditions>
                    <condition number="12" type="jump" coverage="100%" />
                  </conditions>
                </line>
                <line number="21" hits="279718" branch="False" />
                <line number="22" hits="279718" branch="False" />
                <line number="23" hits="279718" branch="False" />
                <line number="26" hits="5364376" branch="True" condition-coverage="100% (2/2)">
                  <conditions>
                    <condition number="94" type="jump" coverage="100%" />
                  </conditions>
                </line>
                <line number="27" hits="1341095" branch="False" />
                <line number="28" hits="1341095" branch="False" />
                <line number="29" hits="1341095" branch="False" />
                <line number="30" hits="1341095" branch="False" />
                <line number="31" hits="1341095" branch="False" />
                <line number="32" hits="1620811" branch="False" />
              </lines>
            </method>
          </methods>
          <lines>
            <line number="12" hits="279716" branch="False" />
            <line number="13" hits="279716" branch="False" />
            <line number="14" hits="279716" branch="False" />
            <line number="15" hits="279716" branch="False" />
            <line number="16" hits="279716" branch="False" />
            <line number="19" hits="1620811" branch="False" />
            <line number="20" hits="1620811" branch="True" condition-coverage="100% (2/2)">
              <conditions>
                <condition number="12" type="jump" coverage="100%" />
              </conditions>
            </line>
            <line number="21" hits="279718" branch="False" />
            <line number="22" hits="279718" branch="False" />
            <line number="23" hits="279718" branch="False" />
            <line number="26" hits="5364376" branch="True" condition-coverage="100% (2/2)">
              <conditions>
                <condition number="94" type="jump" coverage="100%" />
              </conditions>
            </line>
            <line number="27" hits="1341095" branch="False" />
            <line number="28" hits="1341095" branch="False" />
            <line number="29" hits="1341095" branch="False" />
            <line number="30" hits="1341095" branch="False" />
            <line number="31" hits="1341095" branch="False" />
            <line number="32" hits="1620811" branch="False" />
          </lines>
        </class>
        <class name="Algorithm.New.Utils.PossibleNotes" filename="Utils\PossibleNotes.cs" line-rate="0.9375" branch-rate="0.8332999999999999" complexity="6">
          <methods>
            <method name="GeneratePossibleNotes" signature="(Algorithm.New.Music.Function)" line-rate="0.9375" branch-rate="0.8332999999999999" complexity="6">
              <lines>
                <line number="8" hits="224" branch="False" />
                <line number="9" hits="224" branch="False" />
                <line number="11" hits="1524" branch="True" condition-coverage="100% (2/2)">
                  <conditions>
                    <condition number="127" type="jump" coverage="100%" />
                  </conditions>
                </line>
                <line number="12" hits="426" branch="False" />
                <line number="13" hits="426" branch="False" />
                <line number="15" hits="4686" branch="True" condition-coverage="100% (2/2)">
                  <conditions>
                    <condition number="92" type="jump" coverage="100%" />
                  </conditions>
                </line>
                <line number="16" hits="1704" branch="False" />
                <line number="17" hits="1704" branch="False" />
                <line number="18" hits="1704" branch="False" />
                <line number="19" hits="1704" branch="False" />
                <line number="21" hits="426" branch="False" />
                <line number="22" hits="426" branch="False" />
                <line number="24" hits="224" branch="True" condition-coverage="50% (1/2)">
                  <conditions>
                    <condition number="159" type="jump" coverage="50%" />
                  </conditions>
                </line>
                <line number="25" hits="0" branch="False" />
                <line number="27" hits="224" branch="False" />
                <line number="28" hits="224" branch="False" />
              </lines>
            </method>
          </methods>
          <lines>
            <line number="8" hits="224" branch="False" />
            <line number="9" hits="224" branch="False" />
            <line number="11" hits="1524" branch="True" condition-coverage="100% (2/2)">
              <conditions>
                <condition number="127" type="jump" coverage="100%" />
              </conditions>
            </line>
            <line number="12" hits="426" branch="False" />
            <line number="13" hits="426" branch="False" />
            <line number="15" hits="4686" branch="True" condition-coverage="100% (2/2)">
              <conditions>
                <condition number="92" type="jump" coverage="100%" />
              </conditions>
            </line>
            <line number="16" hits="1704" branch="False" />
            <line number="17" hits="1704" branch="False" />
            <line number="18" hits="1704" branch="False" />
            <line number="19" hits="1704" branch="False" />
            <line number="21" hits="426" branch="False" />
            <line number="22" hits="426" branch="False" />
            <line number="24" hits="224" branch="True" condition-coverage="50% (1/2)">
              <conditions>
                <condition number="159" type="jump" coverage="50%" />
              </conditions>
            </line>
            <line number="25" hits="0" branch="False" />
            <line number="27" hits="224" branch="False" />
            <line number="28" hits="224" branch="False" />
          </lines>
        </class>
        <class name="Algorithm.New.Utils.Rhytm" filename="Utils\Rhytm.cs" line-rate="0.9193000000000001" branch-rate="0.7619" complexity="42">
          <methods>
            <method name="GetRhytmicScheme" signature="(System.Int32,System.Int32,System.Int32)" line-rate="0.9444" branch-rate="0.8887999999999999" complexity="18">
              <lines>
                <line number="6" hits="66" branch="False" />
                <line number="7" hits="66" branch="False" />
                <line number="9" hits="66" branch="True" condition-coverage="100% (2/2)">
                  <conditions>
                    <condition number="13" type="jump" coverage="100%" />
                  </conditions>
                </line>
                <line number="10" hits="1" branch="False" />
                <line number="12" hits="65" branch="True" condition-coverage="100% (6/6)">
                  <conditions>
                    <condition number="28" type="jump" coverage="100%" />
                    <condition number="32" type="jump" coverage="100%" />
                    <condition number="45" type="jump" coverage="100%" />
                  </conditions>
                </line>
                <line number="13" hits="1" branch="False" />
                <line number="15" hits="64" branch="True" condition-coverage="75% (3/4)">
                  <conditions>
                    <condition number="64" type="jump" coverage="100%" />
                    <condition number="70" type="jump" coverage="50%" />
                  </conditions>
                </line>
                <line number="16" hits="64" branch="False" />
                <line number="17" hits="50" branch="False" />
                <line number="18" hits="14" branch="False" />
                <line number="19" hits="0" branch="False" />
                <line number="20" hits="64" branch="False" />
                <line number="22" hits="64" branch="False" />
                <line number="23" hits="64" branch="False" />
                <line number="25" hits="434" branch="True" condition-coverage="100% (2/2)">
                  <conditions>
                    <condition number="287" type="jump" coverage="100%" />
                  </conditions>
                </line>
                <line number="26" hits="153" branch="False" />
                <line number="27" hits="153" branch="False" />
                <line number="29" hits="153" branch="True" condition-coverage="100% (2/2)">
                  <conditions>
                    <condition number="139" type="jump" coverage="100%" />
                  </conditions>
                </line>
                <line number="30" hits="97" branch="False" />
                <line number="31" hits="97" branch="False" />
                <line number="32" hits="97" branch="False" />
                <line number="34" hits="97" branch="False" />
                <line number="35" hits="97" branch="False" />
                <line number="36" hits="97" branch="False" />
                <line number="38" hits="56" branch="False" />
                <line number="39" hits="56" branch="False" />
                <line number="40" hits="56" branch="False" />
                <line number="41" hits="56" branch="False" />
                <line number="43" hits="56" branch="False" />
                <line number="44" hits="56" branch="False" />
                <line number="45" hits="56" branch="False" />
                <line number="46" hits="153" branch="False" />
                <line number="48" hits="64" branch="True" condition-coverage="50% (1/2)">
                  <conditions>
                    <condition number="308" type="jump" coverage="50%" />
                  </conditions>
                </line>
                <line number="49" hits="0" branch="False" />
                <line number="51" hits="64" branch="False" />
                <line number="52" hits="64" branch="False" />
              </lines>
            </method>
            <method name="DivideNote" signature="(System.Int32,System.Int32)" line-rate="0.8665999999999999" branch-rate="0.6111" complexity="18">
              <lines>
                <line number="55" hits="153" branch="False" />
                <line number="56" hits="153" branch="True" condition-coverage="100% (4/4)">
                  <conditions>
                    <condition number="4" type="jump" coverage="100%" />
                    <condition number="15" type="jump" coverage="100%" />
                  </conditions>
                </line>
                <line number="57" hits="7" branch="False" />
                <line number="59" hits="146" branch="True" condition-coverage="50% (7/14)">
                  <conditions>
                    <condition number="37" type="switch" coverage="50%" />
                    <condition number="91" type="jump" coverage="50%" />
                  </conditions>
                </line>
                <line number="60" hits="146" branch="False" />
                <line number="61" hits="7" branch="False" />
                <line number="62" hits="7" branch="False" />
                <line number="63" hits="50" branch="False" />
                <line number="64" hits="16" branch="False" />
                <line number="65" hits="44" branch="False" />
                <line number="66" hits="0" branch="False" />
                <line number="67" hits="22" branch="False" />
                <line number="68" hits="0" branch="False" />
                <line number="69" hits="146" branch="False" />
                <line number="70" hits="153" branch="False" />
              </lines>
            </method>
            <method name="SameElementsInList" signature="(System.Collections.Generic.List`1&lt;System.Int32&gt;)" line-rate="0.909" branch-rate="0.8332999999999999" complexity="6">
              <lines>
                <line number="73" hits="153" branch="False" />
                <line number="74" hits="153" branch="True" condition-coverage="50% (1/2)">
                  <conditions>
                    <condition number="12" type="jump" coverage="50%" />
                  </conditions>
                </line>
                <line number="75" hits="0" branch="False" />
                <line number="77" hits="153" branch="False" />
                <line number="79" hits="1037" branch="True" condition-coverage="100% (2/2)">
                  <conditions>
                    <condition number="72" type="jump" coverage="100%" />
                  </conditions>
                </line>
                <line number="80" hits="317" branch="False" />
                <line number="81" hits="317" branch="True" condition-coverage="100% (2/2)">
                  <conditions>
                    <condition number="58" type="jump" coverage="100%" />
                  </conditions>
                </line>
                <line number="82" hits="56" branch="False" />
                <line number="83" hits="261" branch="False" />
                <line number="85" hits="97" branch="False" />
                <line number="86" hits="153" branch="False" />
              </lines>
            </method>
          </methods>
          <lines>
            <line number="6" hits="66" branch="False" />
            <line number="7" hits="66" branch="False" />
            <line number="9" hits="66" branch="True" condition-coverage="100% (2/2)">
              <conditions>
                <condition number="13" type="jump" coverage="100%" />
              </conditions>
            </line>
            <line number="10" hits="1" branch="False" />
            <line number="12" hits="65" branch="True" condition-coverage="100% (6/6)">
              <conditions>
                <condition number="28" type="jump" coverage="100%" />
                <condition number="32" type="jump" coverage="100%" />
                <condition number="45" type="jump" coverage="100%" />
              </conditions>
            </line>
            <line number="13" hits="1" branch="False" />
            <line number="15" hits="64" branch="True" condition-coverage="75% (3/4)">
              <conditions>
                <condition number="64" type="jump" coverage="100%" />
                <condition number="70" type="jump" coverage="50%" />
              </conditions>
            </line>
            <line number="16" hits="64" branch="False" />
            <line number="17" hits="50" branch="False" />
            <line number="18" hits="14" branch="False" />
            <line number="19" hits="0" branch="False" />
            <line number="20" hits="64" branch="False" />
            <line number="22" hits="64" branch="False" />
            <line number="23" hits="64" branch="False" />
            <line number="25" hits="434" branch="True" condition-coverage="100% (2/2)">
              <conditions>
                <condition number="287" type="jump" coverage="100%" />
              </conditions>
            </line>
            <line number="26" hits="153" branch="False" />
            <line number="27" hits="153" branch="False" />
            <line number="29" hits="153" branch="True" condition-coverage="100% (2/2)">
              <conditions>
                <condition number="139" type="jump" coverage="100%" />
              </conditions>
            </line>
            <line number="30" hits="97" branch="False" />
            <line number="31" hits="97" branch="False" />
            <line number="32" hits="97" branch="False" />
            <line number="34" hits="97" branch="False" />
            <line number="35" hits="97" branch="False" />
            <line number="36" hits="97" branch="False" />
            <line number="38" hits="56" branch="False" />
            <line number="39" hits="56" branch="False" />
            <line number="40" hits="56" branch="False" />
            <line number="41" hits="56" branch="False" />
            <line number="43" hits="56" branch="False" />
            <line number="44" hits="56" branch="False" />
            <line number="45" hits="56" branch="False" />
            <line number="46" hits="153" branch="False" />
            <line number="48" hits="64" branch="True" condition-coverage="50% (1/2)">
              <conditions>
                <condition number="308" type="jump" coverage="50%" />
              </conditions>
            </line>
            <line number="49" hits="0" branch="False" />
            <line number="51" hits="64" branch="False" />
            <line number="52" hits="64" branch="False" />
            <line number="55" hits="153" branch="False" />
            <line number="56" hits="153" branch="True" condition-coverage="100% (4/4)">
              <conditions>
                <condition number="4" type="jump" coverage="100%" />
                <condition number="15" type="jump" coverage="100%" />
              </conditions>
            </line>
            <line number="57" hits="7" branch="False" />
            <line number="59" hits="146" branch="True" condition-coverage="50% (7/14)">
              <conditions>
                <condition number="37" type="switch" coverage="50%" />
                <condition number="91" type="jump" coverage="50%" />
              </conditions>
            </line>
            <line number="60" hits="146" branch="False" />
            <line number="61" hits="7" branch="False" />
            <line number="62" hits="7" branch="False" />
            <line number="63" hits="50" branch="False" />
            <line number="64" hits="16" branch="False" />
            <line number="65" hits="44" branch="False" />
            <line number="66" hits="0" branch="False" />
            <line number="67" hits="22" branch="False" />
            <line number="68" hits="0" branch="False" />
            <line number="69" hits="146" branch="False" />
            <line number="70" hits="153" branch="False" />
            <line number="73" hits="153" branch="False" />
            <line number="74" hits="153" branch="True" condition-coverage="50% (1/2)">
              <conditions>
                <condition number="12" type="jump" coverage="50%" />
              </conditions>
            </line>
            <line number="75" hits="0" branch="False" />
            <line number="77" hits="153" branch="False" />
            <line number="79" hits="1037" branch="True" condition-coverage="100% (2/2)">
              <conditions>
                <condition number="72" type="jump" coverage="100%" />
              </conditions>
            </line>
            <line number="80" hits="317" branch="False" />
            <line number="81" hits="317" branch="True" condition-coverage="100% (2/2)">
              <conditions>
                <condition number="58" type="jump" coverage="100%" />
              </conditions>
            </line>
            <line number="82" hits="56" branch="False" />
            <line number="83" hits="261" branch="False" />
            <line number="85" hits="97" branch="False" />
            <line number="86" hits="153" branch="False" />
          </lines>
        </class>
        <class name="Algorithm.New.Utils.Scale" filename="Utils\Scale.cs" line-rate="0.9666" branch-rate="0.7857" complexity="14">
          <methods>
            <method name="Notes" signature="(Algorithm.New.Music.Tonation)" line-rate="0.9666" branch-rate="0.7857" complexity="14">
              <lines>
                <line number="8" hits="1704" branch="False" />
                <line number="9" hits="1704" branch="False" />
                <line number="11" hits="1704" branch="False" />
                <line number="12" hits="1704" branch="False" />
                <line number="14" hits="1704" branch="False" />
                <line number="15" hits="1704" branch="False" />
                <line number="16" hits="1704" branch="False" />
                <line number="17" hits="1704" branch="False" />
                <line number="19" hits="1704" branch="True" condition-coverage="100% (2/2)">
                  <conditions>
                    <condition number="81" type="jump" coverage="100%" />
                  </conditions>
                </line>
                <line number="20" hits="32" branch="False" />
                <line number="21" hits="32" branch="True" condition-coverage="50% (1/2)">
                  <conditions>
                    <condition number="85" type="jump" coverage="50%" />
                  </conditions>
                </line>
                <line number="22" hits="32" branch="True" condition-coverage="50% (1/2)">
                  <conditions>
                    <condition number="102" type="jump" coverage="50%" />
                  </conditions>
                </line>
                <line number="23" hits="32" branch="False" />
                <line number="25" hits="27264" branch="True" condition-coverage="100% (2/2)">
                  <conditions>
                    <condition number="241" type="jump" coverage="100%" />
                  </conditions>
                </line>
                <line number="26" hits="11928" branch="False" />
                <line number="27" hits="11928" branch="False" />
                <line number="28" hits="11928" branch="False" />
                <line number="30" hits="25200" branch="True" condition-coverage="100% (2/2)">
                  <conditions>
                    <condition number="205" type="jump" coverage="100%" />
                  </conditions>
                </line>
                <line number="31" hits="672" branch="False" />
                <line number="32" hits="672" branch="True" condition-coverage="100% (2/2)">
                  <conditions>
                    <condition number="173" type="jump" coverage="100%" />
                  </conditions>
                </line>
                <line number="33" hits="96" branch="False" />
                <line number="34" hits="96" branch="False" />
                <line number="35" hits="96" branch="False" />
                <line number="36" hits="672" branch="False" />
                <line number="38" hits="11928" branch="False" />
                <line number="39" hits="11928" branch="False" />
                <line number="41" hits="1704" branch="True" condition-coverage="50% (1/2)">
                  <conditions>
                    <condition number="259" type="jump" coverage="50%" />
                  </conditions>
                </line>
                <line number="42" hits="0" branch="False" />
                <line number="44" hits="1704" branch="False" />
                <line number="45" hits="1704" branch="False" />
              </lines>
            </method>
          </methods>
          <lines>
            <line number="8" hits="1704" branch="False" />
            <line number="9" hits="1704" branch="False" />
            <line number="11" hits="1704" branch="False" />
            <line number="12" hits="1704" branch="False" />
            <line number="14" hits="1704" branch="False" />
            <line number="15" hits="1704" branch="False" />
            <line number="16" hits="1704" branch="False" />
            <line number="17" hits="1704" branch="False" />
            <line number="19" hits="1704" branch="True" condition-coverage="100% (2/2)">
              <conditions>
                <condition number="81" type="jump" coverage="100%" />
              </conditions>
            </line>
            <line number="20" hits="32" branch="False" />
            <line number="21" hits="32" branch="True" condition-coverage="50% (1/2)">
              <conditions>
                <condition number="85" type="jump" coverage="50%" />
              </conditions>
            </line>
            <line number="22" hits="32" branch="True" condition-coverage="50% (1/2)">
              <conditions>
                <condition number="102" type="jump" coverage="50%" />
              </conditions>
            </line>
            <line number="23" hits="32" branch="False" />
            <line number="25" hits="27264" branch="True" condition-coverage="100% (2/2)">
              <conditions>
                <condition number="241" type="jump" coverage="100%" />
              </conditions>
            </line>
            <line number="26" hits="11928" branch="False" />
            <line number="27" hits="11928" branch="False" />
            <line number="28" hits="11928" branch="False" />
            <line number="30" hits="25200" branch="True" condition-coverage="100% (2/2)">
              <conditions>
                <condition number="205" type="jump" coverage="100%" />
              </conditions>
            </line>
            <line number="31" hits="672" branch="False" />
            <line number="32" hits="672" branch="True" condition-coverage="100% (2/2)">
              <conditions>
                <condition number="173" type="jump" coverage="100%" />
              </conditions>
            </line>
            <line number="33" hits="96" branch="False" />
            <line number="34" hits="96" branch="False" />
            <line number="35" hits="96" branch="False" />
            <line number="36" hits="672" branch="False" />
            <line number="38" hits="11928" branch="False" />
            <line number="39" hits="11928" branch="False" />
            <line number="41" hits="1704" branch="True" condition-coverage="50% (1/2)">
              <conditions>
                <condition number="259" type="jump" coverage="50%" />
              </conditions>
            </line>
            <line number="42" hits="0" branch="False" />
            <line number="44" hits="1704" branch="False" />
            <line number="45" hits="1704" branch="False" />
          </lines>
        </class>
        <class name="Algorithm.New.Music.Component" filename="Music\Component.cs" line-rate="0.6666" branch-rate="0.34" complexity="57">
          <methods>
            <method name="get_Type" signature="()" line-rate="1" branch-rate="1" complexity="1">
              <lines>
                <line number="23" hits="17668841" branch="False" />
              </lines>
            </method>
            <method name="get_Obligatory" signature="()" line-rate="1" branch-rate="1" complexity="1">
              <lines>
                <line number="24" hits="8" branch="False" />
              </lines>
            </method>
            <method name="get_Alteration" signature="()" line-rate="1" branch-rate="1" complexity="1">
              <lines>
                <line number="25" hits="17659202" branch="False" />
              </lines>
            </method>
            <method name="get_Suspension" signature="()" line-rate="1" branch-rate="1" complexity="1">
              <lines>
                <line number="26" hits="8" branch="False" />
              </lines>
            </method>
            <method name="get_Dissonant" signature="()" line-rate="1" branch-rate="1" complexity="1">
              <lines>
                <line number="27" hits="8" branch="False" />
              </lines>
            </method>
            <method name="GetByString" signature="(System.String)" line-rate="0.4285" branch-rate="0.3947" complexity="38">
              <lines>
                <line number="48" hits="210" branch="False" />
                <line number="49" hits="210" branch="True" condition-coverage="39.47% (15/38)">
                  <conditions>
                    <condition number="18" type="jump" coverage="50%" />
                    <condition number="26" type="jump" coverage="0%" />
                    <condition number="34" type="jump" coverage="0%" />
                    <condition number="63" type="jump" coverage="0%" />
                    <condition number="92" type="jump" coverage="50%" />
                    <condition number="100" type="jump" coverage="0%" />
                    <condition number="123" type="jump" coverage="50%" />
                    <condition number="110" type="jump" coverage="50%" />
                    <condition number="47" type="jump" coverage="50%" />
                    <condition number="76" type="jump" coverage="50%" />
                    <condition number="133" type="jump" coverage="50%" />
                    <condition number="151" type="jump" coverage="50%" />
                    <condition number="169" type="jump" coverage="50%" />
                    <condition number="187" type="jump" coverage="50%" />
                    <condition number="205" type="jump" coverage="50%" />
                    <condition number="220" type="jump" coverage="50%" />
                    <condition number="235" type="jump" coverage="50%" />
                    <condition number="250" type="jump" coverage="50%" />
                    <condition number="265" type="jump" coverage="50%" />
                  </conditions>
                </line>
                <line number="50" hits="210" branch="False" />
                <line number="51" hits="0" branch="False" />
                <line number="52" hits="0" branch="False" />
                <line number="53" hits="0" branch="False" />
                <line number="54" hits="0" branch="False" />
                <line number="55" hits="0" branch="False" />
                <line number="56" hits="0" branch="False" />
                <line number="57" hits="0" branch="False" />
                <line number="58" hits="0" branch="False" />
                <line number="59" hits="210" branch="False" />
                <line number="60" hits="210" branch="False" />
                <line number="61" hits="210" branch="False" />
              </lines>
            </method>
            <method name="Equals" signature="(System.Object)" line-rate="0.8" branch-rate="0.5" complexity="4">
              <lines>
                <line number="64" hits="8829597" branch="False" />
                <line number="65" hits="8829597" branch="True" condition-coverage="50% (1/2)">
                  <conditions>
                    <condition number="7" type="jump" coverage="50%" />
                  </conditions>
                </line>
                <line number="66" hits="0" branch="False" />
                <line number="68" hits="8829597" branch="True" condition-coverage="50% (1/2)">
                  <conditions>
                    <condition number="26" type="jump" coverage="50%" />
                  </conditions>
                </line>
                <line number="69" hits="8829597" branch="False" />
                <line number="70" hits="8829597" branch="False" />
                <line number="71" hits="8829597" branch="False" />
                <line number="73" hits="8829597" branch="False" />
                <line number="76" hits="0" branch="False" />
                <line number="77" hits="8829597" branch="False" />
              </lines>
            </method>
            <method name="ToString" signature="()" line-rate="0" branch-rate="0" complexity="8">
              <lines>
                <line number="80" hits="0" branch="False" />
                <line number="81" hits="0" branch="True" condition-coverage="0% (0/8)">
                  <conditions>
                    <condition number="13" type="switch" coverage="0%" />
                  </conditions>
                </line>
                <line number="82" hits="0" branch="False" />
                <line number="83" hits="0" branch="False" />
                <line number="84" hits="0" branch="False" />
                <line number="85" hits="0" branch="False" />
                <line number="86" hits="0" branch="False" />
                <line number="87" hits="0" branch="False" />
                <line number="88" hits="0" branch="False" />
                <line number="89" hits="0" branch="False" />
                <line number="90" hits="0" branch="False" />
                <line number="91" hits="0" branch="False" />
                <line number="92" hits="0" branch="False" />
              </lines>
            </method>
            <method name=".ctor" signature="(Algorithm.New.Music.ComponentType,System.Boolean,Algorithm.New.Music.Alteration,System.Boolean,System.Boolean)" line-rate="1" branch-rate="1" complexity="1">
              <lines>
                <line number="29" hits="8" branch="False" />
                <line number="30" hits="8" branch="False" />
                <line number="31" hits="8" branch="False" />
                <line number="32" hits="8" branch="False" />
                <line number="33" hits="8" branch="False" />
                <line number="34" hits="8" branch="False" />
                <line number="35" hits="8" branch="False" />
                <line number="36" hits="8" branch="False" />
              </lines>
            </method>
            <method name=".cctor" signature="()" line-rate="1" branch-rate="1" complexity="1">
              <lines>
                <line number="11" hits="1" branch="False" />
                <line number="12" hits="1" branch="False" />
                <line number="13" hits="1" branch="False" />
                <line number="14" hits="1" branch="False" />
                <line number="15" hits="1" branch="False" />
                <line number="16" hits="1" branch="False" />
                <line number="17" hits="1" branch="False" />
                <line number="18" hits="1" branch="False" />
                <line number="19" hits="1" branch="False" />
                <line number="20" hits="1" branch="False" />
                <line number="21" hits="1" branch="False" />
                <line number="38" hits="1" branch="False" />
                <line number="39" hits="1" branch="False" />
                <line number="40" hits="1" branch="False" />
                <line number="41" hits="1" branch="False" />
                <line number="42" hits="1" branch="False" />
                <line number="43" hits="1" branch="False" />
                <line number="44" hits="1" branch="False" />
                <line number="45" hits="1" branch="False" />
              </lines>
            </method>
          </methods>
          <lines>
            <line number="23" hits="17668841" branch="False" />
            <line number="24" hits="8" branch="False" />
            <line number="25" hits="17659202" branch="False" />
            <line number="26" hits="8" branch="False" />
            <line number="27" hits="8" branch="False" />
            <line number="48" hits="210" branch="False" />
            <line number="49" hits="210" branch="True" condition-coverage="39.47% (15/38)">
              <conditions>
                <condition number="18" type="jump" coverage="50%" />
                <condition number="26" type="jump" coverage="0%" />
                <condition number="34" type="jump" coverage="0%" />
                <condition number="63" type="jump" coverage="0%" />
                <condition number="92" type="jump" coverage="50%" />
                <condition number="100" type="jump" coverage="0%" />
                <condition number="123" type="jump" coverage="50%" />
                <condition number="110" type="jump" coverage="50%" />
                <condition number="47" type="jump" coverage="50%" />
                <condition number="76" type="jump" coverage="50%" />
                <condition number="133" type="jump" coverage="50%" />
                <condition number="151" type="jump" coverage="50%" />
                <condition number="169" type="jump" coverage="50%" />
                <condition number="187" type="jump" coverage="50%" />
                <condition number="205" type="jump" coverage="50%" />
                <condition number="220" type="jump" coverage="50%" />
                <condition number="235" type="jump" coverage="50%" />
                <condition number="250" type="jump" coverage="50%" />
                <condition number="265" type="jump" coverage="50%" />
              </conditions>
            </line>
            <line number="50" hits="210" branch="False" />
            <line number="51" hits="0" branch="False" />
            <line number="52" hits="0" branch="False" />
            <line number="53" hits="0" branch="False" />
            <line number="54" hits="0" branch="False" />
            <line number="55" hits="0" branch="False" />
            <line number="56" hits="0" branch="False" />
            <line number="57" hits="0" branch="False" />
            <line number="58" hits="0" branch="False" />
            <line number="59" hits="210" branch="False" />
            <line number="60" hits="210" branch="False" />
            <line number="61" hits="210" branch="False" />
            <line number="64" hits="8829597" branch="False" />
            <line number="65" hits="8829597" branch="True" condition-coverage="50% (1/2)">
              <conditions>
                <condition number="7" type="jump" coverage="50%" />
              </conditions>
            </line>
            <line number="66" hits="0" branch="False" />
            <line number="68" hits="8829597" branch="True" condition-coverage="50% (1/2)">
              <conditions>
                <condition number="26" type="jump" coverage="50%" />
              </conditions>
            </line>
            <line number="69" hits="8829597" branch="False" />
            <line number="70" hits="8829597" branch="False" />
            <line number="71" hits="8829597" branch="False" />
            <line number="73" hits="8829597" branch="False" />
            <line number="76" hits="0" branch="False" />
            <line number="77" hits="8829597" branch="False" />
            <line number="80" hits="0" branch="False" />
            <line number="81" hits="0" branch="True" condition-coverage="0% (0/8)">
              <conditions>
                <condition number="13" type="switch" coverage="0%" />
              </conditions>
            </line>
            <line number="82" hits="0" branch="False" />
            <line number="83" hits="0" branch="False" />
            <line number="84" hits="0" branch="False" />
            <line number="85" hits="0" branch="False" />
            <line number="86" hits="0" branch="False" />
            <line number="87" hits="0" branch="False" />
            <line number="88" hits="0" branch="False" />
            <line number="89" hits="0" branch="False" />
            <line number="90" hits="0" branch="False" />
            <line number="91" hits="0" branch="False" />
            <line number="92" hits="0" branch="False" />
            <line number="29" hits="8" branch="False" />
            <line number="30" hits="8" branch="False" />
            <line number="31" hits="8" branch="False" />
            <line number="32" hits="8" branch="False" />
            <line number="33" hits="8" branch="False" />
[...]
                <condition number="6" type="switch" coverage="80%" />
              </conditions>
            </line>
            <line number="75" hits="86" branch="False" />
            <line number="76" hits="60" branch="False" />
            <line number="77" hits="2" branch="False" />
            <line number="78" hits="1" branch="False" />
            <line number="79" hits="0" branch="False" />
            <line number="80" hits="8" branch="False" />
            <line number="81" hits="11" branch="False" />
            <line number="82" hits="2" branch="False" />
            <line number="83" hits="1" branch="False" />
            <line number="84" hits="1" branch="False" />
            <line number="85" hits="0" branch="False" />
            <line number="86" hits="86" branch="False" />
            <line number="87" hits="86" branch="False" />
            <line number="90" hits="86" branch="False" />
            <line number="91" hits="86" branch="False" />
            <line number="92" hits="86" branch="False" />
            <line number="93" hits="86" branch="False" />
            <line number="96" hits="12" branch="False" />
            <line number="97" hits="12" branch="False" />
            <line number="99" hits="47" branch="True" condition-coverage="100% (2/2)">
              <conditions>
                <condition number="127" type="jump" coverage="100%" />
              </conditions>
            </line>
            <line number="100" hits="11" branch="False" />
            <line number="101" hits="11" branch="False" />
            <line number="103" hits="44" branch="True" condition-coverage="100% (2/2)">
              <conditions>
                <condition number="82" type="jump" coverage="100%" />
              </conditions>
            </line>
            <line number="104" hits="11" branch="False" />
            <line number="105" hits="11" branch="True" condition-coverage="50% (1/2)">
              <conditions>
                <condition number="64" type="jump" coverage="50%" />
              </conditions>
            </line>
            <line number="106" hits="0" branch="False" />
            <line number="108" hits="11" branch="False" />
            <line number="109" hits="0" branch="False" />
            <line number="111" hits="11" branch="True" condition-coverage="50% (1/2)">
              <conditions>
                <condition number="112" type="jump" coverage="50%" />
              </conditions>
            </line>
            <line number="112" hits="11" branch="False" />
            <line number="113" hits="0" branch="False" />
            <line number="115" hits="1" branch="False" />
            <line number="116" hits="12" branch="False" />
            <line number="119" hits="11" branch="False" />
            <line number="120" hits="11" branch="True" condition-coverage="50% (1/2)">
              <conditions>
                <condition number="35" type="jump" coverage="50%" />
              </conditions>
            </line>
            <line number="121" hits="0" branch="False" />
            <line number="122" hits="11" branch="False" />
            <line number="125" hits="11" branch="False" />
            <line number="126" hits="11" branch="False" />
            <line number="128" hits="194" branch="True" condition-coverage="100% (2/2)">
              <conditions>
                <condition number="302" type="jump" coverage="100%" />
              </conditions>
            </line>
            <line number="129" hits="86" branch="False" />
            <line number="130" hits="86" branch="False" />
            <line number="131" hits="86" branch="False" />
            <line number="133" hits="86" branch="False" />
            <line number="134" hits="86" branch="False" />
            <line number="135" hits="86" branch="False" />
            <line number="137" hits="86" branch="False" />
            <line number="138" hits="164" branch="False" />
            <line number="139" hits="86" branch="False" />
            <line number="140" hits="86" branch="False" />
            <line number="142" hits="86" branch="False" />
            <line number="144" hits="946" branch="True" condition-coverage="100% (2/2)">
              <conditions>
                <condition number="257" type="jump" coverage="100%" />
              </conditions>
            </line>
            <line number="145" hits="344" branch="False" />
            <line number="146" hits="344" branch="True" condition-coverage="50% (1/2)">
              <conditions>
                <condition number="139" type="jump" coverage="50%" />
              </conditions>
            </line>
            <line number="147" hits="344" branch="True" condition-coverage="50% (1/2)">
              <conditions>
                <condition number="155" type="jump" coverage="50%" />
              </conditions>
            </line>
            <line number="149" hits="344" branch="False" />
            <line number="150" hits="1038" branch="False" />
            <line number="152" hits="344" branch="True" condition-coverage="50% (1/2)">
              <conditions>
                <condition number="220" type="jump" coverage="50%" />
              </conditions>
            </line>
            <line number="153" hits="0" branch="False" />
            <line number="154" hits="0" branch="False" />
            <line number="155" hits="0" branch="False" />
            <line number="156" hits="0" branch="False" />
            <line number="158" hits="344" branch="False" />
            <line number="159" hits="344" branch="False" />
            <line number="160" hits="86" branch="False" />
            <line number="162" hits="11" branch="False" />
            <line number="163" hits="11" branch="False" />
            <line number="166" hits="11" branch="False" />
            <line number="167" hits="11" branch="False" />
            <line number="169" hits="379" branch="True" condition-coverage="100% (2/2)">
              <conditions>
                <condition number="665" type="jump" coverage="100%" />
              </conditions>
            </line>
            <line number="170" hits="173" branch="False" />
            <line number="171" hits="173" branch="True" condition-coverage="100% (2/2)">
              <conditions>
                <condition number="42" type="jump" coverage="100%" />
              </conditions>
            </line>
            <line number="172" hits="72" branch="False" />
            <line number="173" hits="1456" branch="True" condition-coverage="100% (2/2)">
              <conditions>
                <condition number="296" type="jump" coverage="100%" />
              </conditions>
            </line>
            <line number="174" hits="656" branch="False" />
            <line number="175" hits="656" branch="False" />
            <line number="176" hits="656" branch="False" />
            <line number="178" hits="656" branch="True" condition-coverage="50% (1/2)">
              <conditions>
                <condition number="201" type="jump" coverage="50%" />
              </conditions>
            </line>
            <line number="179" hits="0" branch="False" />
            <line number="180" hits="0" branch="False" />
            <line number="181" hits="0" branch="False" />
            <line number="182" hits="0" branch="False" />
            <line number="183" hits="656" branch="False" />
            <line number="184" hits="72" branch="False" />
            <line number="186" hits="101" branch="False" />
            <line number="187" hits="1812" branch="True" condition-coverage="100% (2/2)">
              <conditions>
                <condition number="651" type="jump" coverage="100%" />
              </conditions>
            </line>
            <line number="188" hits="805" branch="False" />
            <line number="189" hits="805" branch="False" />
            <line number="190" hits="805" branch="False" />
            <line number="192" hits="805" branch="False" />
            <line number="193" hits="805" branch="False" />
            <line number="195" hits="805" branch="True" condition-coverage="100% (2/2)">
              <conditions>
                <condition number="536" type="jump" coverage="100%" />
              </conditions>
            </line>
            <line number="196" hits="2" branch="False" />
            <line number="197" hits="2" branch="False" />
            <line number="198" hits="2" branch="False" />
            <line number="199" hits="2" branch="False" />
            <line number="200" hits="805" branch="False" />
            <line number="201" hits="101" branch="False" />
            <line number="202" hits="173" branch="False" />
            <line number="204" hits="11" branch="False" />
            <line number="205" hits="11" branch="False" />
          </lines>
        </class>
        <class name="Algorithm.New.Algorithm.Checkers.StackPairChecker" filename="Algorithm\Checkers\StackPairChecker.cs" line-rate="0.9791" branch-rate="0.8076000000000001" complexity="26">
          <methods>
            <method name="CheckRules" signature="(System.Collections.Generic.List`1&lt;Algorithm.New.Music.Function&gt;,System.Collections.Generic.List`1&lt;Algorithm.New.Music.Stack&gt;,Algorithm.New.Algorithm.Settings)" line-rate="0.9791" branch-rate="0.8076000000000001" complexity="26">
              <lines>
                <line number="10" hits="511" branch="False" />
                <line number="11" hits="511" branch="True" condition-coverage="50% (1/2)">
                  <conditions>
                    <condition number="14" type="jump" coverage="50%" />
                  </conditions>
                </line>
                <line number="12" hits="0" branch="False" />
                <line number="14" hits="511" branch="False" />
                <line number="15" hits="511" branch="False" />
                <line number="17" hits="511" branch="False" />
                <line number="18" hits="511" branch="True" condition-coverage="50% (1/2)">
                  <conditions>
                    <condition number="55" type="jump" coverage="50%" />
                  </conditions>
                </line>
                <line number="20" hits="511" branch="True" condition-coverage="50% (1/2)">
                  <conditions>
                    <condition number="75" type="jump" coverage="50%" />
                  </conditions>
                </line>
                <line number="21" hits="511" branch="False" />
                <line number="22" hits="1022" branch="False" />
                <line number="24" hits="511" branch="True" condition-coverage="50% (1/2)">
                  <conditions>
                    <condition number="132" type="jump" coverage="50%" />
                  </conditions>
                </line>
                <line number="26" hits="20951" branch="True" condition-coverage="100% (2/2)">
                  <conditions>
                    <condition number="852" type="jump" coverage="100%" />
                  </conditions>
                </line>
                <line number="27" hits="9709" branch="False" />
                <line number="28" hits="9709" branch="True" condition-coverage="100% (2/2)">
                  <conditions>
                    <condition number="181" type="jump" coverage="100%" />
                  </conditions>
                </line>
                <line number="29" hits="4088" branch="False" />
                <line number="30" hits="4088" branch="True" condition-coverage="100% (2/2)">
                  <conditions>
                    <condition number="195" type="jump" coverage="100%" />
                  </conditions>
                </line>
                <line number="31" hits="4088" branch="False" />
                <line number="32" hits="4088" branch="False" />
                <line number="34" hits="4088" branch="True" condition-coverage="100% (2/2)">
                  <conditions>
                    <condition number="314" type="jump" coverage="100%" />
                  </conditions>
                </line>
                <line number="35" hits="36" branch="False" />
                <line number="36" hits="36" branch="False" />
                <line number="37" hits="36" branch="False" />
                <line number="38" hits="36" branch="False" />
                <line number="39" hits="4088" branch="False" />
                <line number="41" hits="4088" branch="True" condition-coverage="100% (2/2)">
                  <conditions>
                    <condition number="392" type="jump" coverage="100%" />
                  </conditions>
                </line>
                <line number="42" hits="4088" branch="False" />
                <line number="43" hits="4088" branch="False" />
                <line number="45" hits="4088" branch="True" condition-coverage="100% (2/2)">
                  <conditions>
                    <condition number="511" type="jump" coverage="100%" />
                  </conditions>
                </line>
                <line number="46" hits="114" branch="False" />
                <line number="47" hits="114" branch="False" />
                <line number="48" hits="114" branch="False" />
                <line number="49" hits="114" branch="False" />
                <line number="50" hits="4088" branch="False" />
                <line number="51" hits="4088" branch="False" />
                <line number="53" hits="5621" branch="False" />
                <line number="54" hits="5621" branch="True" condition-coverage="75% (3/4)">
                  <conditions>
                    <condition number="589" type="jump" coverage="50%" />
                    <condition number="602" type="jump" coverage="100%" />
                  </conditions>
                </line>
                <line number="55" hits="5621" branch="False" />
                <line number="56" hits="5621" branch="False" />
                <line number="58" hits="5621" branch="True" condition-coverage="100% (2/2)">
                  <conditions>
                    <condition number="756" type="jump" coverage="100%" />
                  </conditions>
                </line>
                <line number="59" hits="789" branch="False" />
                <line number="60" hits="789" branch="False" />
                <line number="61" hits="789" branch="False" />
                <line number="62" hits="789" branch="False" />
                <line number="63" hits="5621" branch="False" />
                <line number="64" hits="5621" branch="False" />
                <line number="65" hits="9709" branch="False" />
                <line number="67" hits="511" branch="False" />
                <line number="68" hits="511" branch="False" />
              </lines>
            </method>
          </methods>
          <lines>
            <line number="10" hits="511" branch="False" />
            <line number="11" hits="511" branch="True" condition-coverage="50% (1/2)">
              <conditions>
                <condition number="14" type="jump" coverage="50%" />
              </conditions>
            </line>
            <line number="12" hits="0" branch="False" />
            <line number="14" hits="511" branch="False" />
            <line number="15" hits="511" branch="False" />
            <line number="17" hits="511" branch="False" />
            <line number="18" hits="511" branch="True" condition-coverage="50% (1/2)">
              <conditions>
                <condition number="55" type="jump" coverage="50%" />
              </conditions>
            </line>
            <line number="20" hits="511" branch="True" condition-coverage="50% (1/2)">
              <conditions>
                <condition number="75" type="jump" coverage="50%" />
              </conditions>
            </line>
            <line number="21" hits="511" branch="False" />
            <line number="22" hits="1022" branch="False" />
            <line number="24" hits="511" branch="True" condition-coverage="50% (1/2)">
              <conditions>
                <condition number="132" type="jump" coverage="50%" />
              </conditions>
            </line>
            <line number="26" hits="20951" branch="True" condition-coverage="100% (2/2)">
              <conditions>
                <condition number="852" type="jump" coverage="100%" />
              </conditions>
            </line>
            <line number="27" hits="9709" branch="False" />
            <line number="28" hits="9709" branch="True" condition-coverage="100% (2/2)">
              <conditions>
                <condition number="181" type="jump" coverage="100%" />
              </conditions>
            </line>
            <line number="29" hits="4088" branch="False" />
            <line number="30" hits="4088" branch="True" condition-coverage="100% (2/2)">
              <conditions>
                <condition number="195" type="jump" coverage="100%" />
              </conditions>
            </line>
            <line number="31" hits="4088" branch="False" />
            <line number="32" hits="4088" branch="False" />
            <line number="34" hits="4088" branch="True" condition-coverage="100% (2/2)">
              <conditions>
                <condition number="314" type="jump" coverage="100%" />
              </conditions>
            </line>
            <line number="35" hits="36" branch="False" />
            <line number="36" hits="36" branch="False" />
            <line number="37" hits="36" branch="False" />
            <line number="38" hits="36" branch="False" />
            <line number="39" hits="4088" branch="False" />
            <line number="41" hits="4088" branch="True" condition-coverage="100% (2/2)">
              <conditions>
                <condition number="392" type="jump" coverage="100%" />
              </conditions>
            </line>
            <line number="42" hits="4088" branch="False" />
            <line number="43" hits="4088" branch="False" />
            <line number="45" hits="4088" branch="True" condition-coverage="100% (2/2)">
              <conditions>
                <condition number="511" type="jump" coverage="100%" />
              </conditions>
            </line>
            <line number="46" hits="114" branch="False" />
            <line number="47" hits="114" branch="False" />
            <line number="48" hits="114" branch="False" />
            <line number="49" hits="114" branch="False" />
            <line number="50" hits="4088" branch="False" />
            <line number="51" hits="4088" branch="False" />
            <line number="53" hits="5621" branch="False" />
            <line number="54" hits="5621" branch="True" condition-coverage="75% (3/4)">
              <conditions>
                <condition number="589" type="jump" coverage="50%" />
                <condition number="602" type="jump" coverage="100%" />
              </conditions>
            </line>
            <line number="55" hits="5621" branch="False" />
            <line number="56" hits="5621" branch="False" />
            <line number="58" hits="5621" branch="True" condition-coverage="100% (2/2)">
              <conditions>
                <condition number="756" type="jump" coverage="100%" />
              </conditions>
            </line>
            <line number="59" hits="789" branch="False" />
            <line number="60" hits="789" branch="False" />
            <line number="61" hits="789" branch="False" />
            <line number="62" hits="789" branch="False" />
            <line number="63" hits="5621" branch="False" />
            <line number="64" hits="5621" branch="False" />
            <line number="65" hits="9709" branch="False" />
            <line number="67" hits="511" branch="False" />
            <line number="68" hits="511" branch="False" />
          </lines>
        </class>
      </classes>
    </package>
  </packages>
</coverage>