<?xml version="1.0" encoding="utf-8"?>
<coverage line-rate="0.7134999999999999" branch-rate="0.5136" version="1.9" timestamp="1732831037" lines-covered="1612" lines-valid="2259" branches-covered="377" branches-valid="734">
  <sources>
    <source>C:\Users\jakub\Desktop\harmonyio\algorithm\Algorithm\New\</source>
  </sources>
  <packages>
    <package name="Algorithm" line-rate="0.7134999999999999" branch-rate="0.5136" complexity="903">
      <classes>
        <class name="Algorithm.New.Constants" filename="Constants.cs" line-rate="1" branch-rate="1" complexity="1">
          <methods>
            <method name=".cctor" signature="()" line-rate="1" branch-rate="1" complexity="1">
              <lines>
                <line number="31" hits="1" branch="False" />
                <line number="32" hits="1" branch="False" />
                <line number="33" hits="1" branch="False" />
                <line number="36" hits="1" branch="False" />
                <line number="37" hits="1" branch="False" />
                <line number="38" hits="1" branch="False" />
                <line number="39" hits="1" branch="False" />
                <line number="40" hits="1" branch="False" />
                <line number="41" hits="1" branch="False" />
                <line number="42" hits="1" branch="False" />
                <line number="43" hits="1" branch="False" />
                <line number="47" hits="1" branch="False" />
                <line number="48" hits="1" branch="False" />
                <line number="49" hits="1" branch="False" />
                <line number="50" hits="1" branch="False" />
                <line number="51" hits="1" branch="False" />
                <line number="53" hits="1" branch="False" />
                <line number="54" hits="1" branch="False" />
                <line number="55" hits="1" branch="False" />
                <line number="56" hits="1" branch="False" />
                <line number="57" hits="1" branch="False" />
                <line number="58" hits="1" branch="False" />
                <line number="59" hits="1" branch="False" />
                <line number="60" hits="1" branch="False" />
                <line number="61" hits="1" branch="False" />
                <line number="62" hits="1" branch="False" />
                <line number="63" hits="1" branch="False" />
                <line number="64" hits="1" branch="False" />
                <line number="65" hits="1" branch="False" />
                <line number="66" hits="1" branch="False" />
                <line number="67" hits="1" branch="False" />
                <line number="68" hits="1" branch="False" />
                <line number="69" hits="1" branch="False" />
                <line number="70" hits="1" branch="False" />
                <line number="71" hits="1" branch="False" />
                <line number="72" hits="1" branch="False" />
                <line number="73" hits="1" branch="False" />
                <line number="74" hits="1" branch="False" />
                <line number="75" hits="1" branch="False" />
                <line number="76" hits="1" branch="False" />
                <line number="77" hits="1" branch="False" />
                <line number="78" hits="1" branch="False" />
                <line number="79" hits="1" branch="False" />
                <line number="80" hits="1" branch="False" />
                <line number="81" hits="1" branch="False" />
                <line number="82" hits="1" branch="False" />
                <line number="83" hits="1" branch="False" />
                <line number="84" hits="1" branch="False" />
                <line number="85" hits="1" branch="False" />
                <line number="86" hits="1" branch="False" />
                <line number="87" hits="1" branch="False" />
                <line number="88" hits="1" branch="False" />
                <line number="89" hits="1" branch="False" />
                <line number="90" hits="1" branch="False" />
                <line number="91" hits="1" branch="False" />
                <line number="92" hits="1" branch="False" />
                <line number="93" hits="1" branch="False" />
                <line number="94" hits="1" branch="False" />
                <line number="95" hits="1" branch="False" />
                <line number="96" hits="1" branch="False" />
                <line number="97" hits="1" branch="False" />
                <line number="98" hits="1" branch="False" />
                <line number="99" hits="1" branch="False" />
                <line number="100" hits="1" branch="False" />
                <line number="101" hits="1" branch="False" />
                <line number="102" hits="1" branch="False" />
                <line number="103" hits="1" branch="False" />
                <line number="104" hits="1" branch="False" />
                <line number="105" hits="1" branch="False" />
                <line number="106" hits="1" branch="False" />
                <line number="107" hits="1" branch="False" />
                <line number="108" hits="1" branch="False" />
                <line number="109" hits="1" branch="False" />
                <line number="110" hits="1" branch="False" />
                <line number="111" hits="1" branch="False" />
                <line number="112" hits="1" branch="False" />
                <line number="113" hits="1" branch="False" />
                <line number="114" hits="1" branch="False" />
                <line number="115" hits="1" branch="False" />
                <line number="116" hits="1" branch="False" />
                <line number="117" hits="1" branch="False" />
                <line number="118" hits="1" branch="False" />
                <line number="119" hits="1" branch="False" />
                <line number="120" hits="1" branch="False" />
                <line number="121" hits="1" branch="False" />
                <line number="122" hits="1" branch="False" />
                <line number="123" hits="1" branch="False" />
                <line number="124" hits="1" branch="False" />
                <line number="125" hits="1" branch="False" />
                <line number="126" hits="1" branch="False" />
                <line number="127" hits="1" branch="False" />
                <line number="128" hits="1" branch="False" />
                <line number="129" hits="1" branch="False" />
                <line number="130" hits="1" branch="False" />
                <line number="131" hits="1" branch="False" />
                <line number="132" hits="1" branch="False" />
              </lines>
            </method>
          </methods>
          <lines>
            <line number="31" hits="1" branch="False" />
            <line number="32" hits="1" branch="False" />
            <line number="33" hits="1" branch="False" />
            <line number="36" hits="1" branch="False" />
            <line number="37" hits="1" branch="False" />
            <line number="38" hits="1" branch="False" />
            <line number="39" hits="1" branch="False" />
            <line number="40" hits="1" branch="False" />
            <line number="41" hits="1" branch="False" />
            <line number="42" hits="1" branch="False" />
            <line number="43" hits="1" branch="False" />
            <line number="47" hits="1" branch="False" />
            <line number="48" hits="1" branch="False" />
            <line number="49" hits="1" branch="False" />
            <line number="50" hits="1" branch="False" />
            <line number="51" hits="1" branch="False" />
            <line number="53" hits="1" branch="False" />
            <line number="54" hits="1" branch="False" />
            <line number="55" hits="1" branch="False" />
            <line number="56" hits="1" branch="False" />
            <line number="57" hits="1" branch="False" />
            <line number="58" hits="1" branch="False" />
            <line number="59" hits="1" branch="False" />
            <line number="60" hits="1" branch="False" />
            <line number="61" hits="1" branch="False" />
            <line number="62" hits="1" branch="False" />
            <line number="63" hits="1" branch="False" />
            <line number="64" hits="1" branch="False" />
            <line number="65" hits="1" branch="False" />
            <line number="66" hits="1" branch="False" />
            <line number="67" hits="1" branch="False" />
            <line number="68" hits="1" branch="False" />
            <line number="69" hits="1" branch="False" />
            <line number="70" hits="1" branch="False" />
            <line number="71" hits="1" branch="False" />
            <line number="72" hits="1" branch="False" />
            <line number="73" hits="1" branch="False" />
            <line number="74" hits="1" branch="False" />
            <line number="75" hits="1" branch="False" />
            <line number="76" hits="1" branch="False" />
            <line number="77" hits="1" branch="False" />
            <line number="78" hits="1" branch="False" />
            <line number="79" hits="1" branch="False" />
            <line number="80" hits="1" branch="False" />
            <line number="81" hits="1" branch="False" />
            <line number="82" hits="1" branch="False" />
            <line number="83" hits="1" branch="False" />
            <line number="84" hits="1" branch="False" />
            <line number="85" hits="1" branch="False" />
            <line number="86" hits="1" branch="False" />
            <line number="87" hits="1" branch="False" />
            <line number="88" hits="1" branch="False" />
            <line number="89" hits="1" branch="False" />
            <line number="90" hits="1" branch="False" />
            <line number="91" hits="1" branch="False" />
            <line number="92" hits="1" branch="False" />
            <line number="93" hits="1" branch="False" />
            <line number="94" hits="1" branch="False" />
            <line number="95" hits="1" branch="False" />
            <line number="96" hits="1" branch="False" />
            <line number="97" hits="1" branch="False" />
            <line number="98" hits="1" branch="False" />
            <line number="99" hits="1" branch="False" />
            <line number="100" hits="1" branch="False" />
            <line number="101" hits="1" branch="False" />
            <line number="102" hits="1" branch="False" />
            <line number="103" hits="1" branch="False" />
            <line number="104" hits="1" branch="False" />
            <line number="105" hits="1" branch="False" />
            <line number="106" hits="1" branch="False" />
            <line number="107" hits="1" branch="False" />
            <line number="108" hits="1" branch="False" />
            <line number="109" hits="1" branch="False" />
            <line number="110" hits="1" branch="False" />
            <line number="111" hits="1" branch="False" />
            <line number="112" hits="1" branch="False" />
            <line number="113" hits="1" branch="False" />
            <line number="114" hits="1" branch="False" />
            <line number="115" hits="1" branch="False" />
            <line number="116" hits="1" branch="False" />
            <line number="117" hits="1" branch="False" />
            <line number="118" hits="1" branch="False" />
            <line number="119" hits="1" branch="False" />
            <line number="120" hits="1" branch="False" />
            <line number="121" hits="1" branch="False" />
            <line number="122" hits="1" branch="False" />
            <line number="123" hits="1" branch="False" />
            <line number="124" hits="1" branch="False" />
            <line number="125" hits="1" branch="False" />
            <line number="126" hits="1" branch="False" />
            <line number="127" hits="1" branch="False" />
            <line number="128" hits="1" branch="False" />
            <line number="129" hits="1" branch="False" />
            <line number="130" hits="1" branch="False" />
            <line number="131" hits="1" branch="False" />
            <line number="132" hits="1" branch="False" />
          </lines>
        </class>
        <class name="Algorithm.New.Utils.Combinations" filename="Utils\Combinations.cs" line-rate="1" branch-rate="1" complexity="6">
          <methods>
            <method name="Generate" signature="(System.Collections.Generic.List`1&lt;T&gt;)" line-rate="1" branch-rate="1" complexity="1">
              <lines>
                <line number="6" hits="72" branch="False" />
                <line number="7" hits="72" branch="False" />
                <line number="8" hits="72" branch="False" />
                <line number="9" hits="72" branch="False" />
                <line number="10" hits="72" branch="False" />
              </lines>
            </method>
            <method name="GenerateRecursive" signature="(System.Collections.Generic.List`1&lt;T&gt;,System.Int32,System.Collections.Generic.List`1&lt;System.Collections.Generic.List`1&lt;T&gt;&gt;)" line-rate="1" branch-rate="1" complexity="4">
              <lines>
                <line number="13" hits="2952" branch="False" />
                <line number="14" hits="2952" branch="True" condition-coverage="100% (2/2)">
                  <conditions>
                    <condition number="14" type="jump" coverage="100%" />
                  </conditions>
                </line>
                <line number="15" hits="1728" branch="False" />
                <line number="16" hits="1728" branch="False" />
                <line number="17" hits="1728" branch="False" />
                <line number="20" hits="8208" branch="True" condition-coverage="100% (2/2)">
                  <conditions>
                    <condition number="82" type="jump" coverage="100%" />
                  </conditions>
                </line>
                <line number="21" hits="2880" branch="False" />
                <line number="22" hits="2880" branch="False" />
                <line number="23" hits="2880" branch="False" />
                <line number="24" hits="2880" branch="False" />
                <line number="25" hits="2880" branch="False" />
                <line number="26" hits="2952" branch="False" />
              </lines>
            </method>
            <method name="Swap" signature="(System.Collections.Generic.List`1&lt;T&gt;,System.Int32,System.Int32)" line-rate="1" branch-rate="1" complexity="1">
              <lines>
                <line number="29" hits="5760" branch="False" />
              </lines>
            </method>
          </methods>
          <lines>
            <line number="6" hits="72" branch="False" />
            <line number="7" hits="72" branch="False" />
            <line number="8" hits="72" branch="False" />
            <line number="9" hits="72" branch="False" />
            <line number="10" hits="72" branch="False" />
            <line number="13" hits="2952" branch="False" />
            <line number="14" hits="2952" branch="True" condition-coverage="100% (2/2)">
              <conditions>
                <condition number="14" type="jump" coverage="100%" />
              </conditions>
            </line>
            <line number="15" hits="1728" branch="False" />
            <line number="16" hits="1728" branch="False" />
            <line number="17" hits="1728" branch="False" />
            <line number="20" hits="8208" branch="True" condition-coverage="100% (2/2)">
              <conditions>
                <condition number="82" type="jump" coverage="100%" />
              </conditions>
            </line>
            <line number="21" hits="2880" branch="False" />
            <line number="22" hits="2880" branch="False" />
            <line number="23" hits="2880" branch="False" />
            <line number="24" hits="2880" branch="False" />
            <line number="25" hits="2880" branch="False" />
            <line number="26" hits="2952" branch="False" />
            <line number="29" hits="5760" branch="False" />
          </lines>
        </class>
        <class name="Algorithm.New.Utils.Converters" filename="Utils\Converters.cs" line-rate="0.9166" branch-rate="0.5" complexity="4">
          <methods>
            <method name="ComponentToNote" signature="(Algorithm.New.Music.Component,Algorithm.New.Music.Function)" line-rate="0.9166" branch-rate="0.5" complexity="4">
              <lines>
                <line number="8" hits="816" branch="False" />
                <line number="9" hits="816" branch="False" />
                <line number="10" hits="816" branch="False" />
                <line number="12" hits="816" branch="False" />
                <line number="13" hits="816" branch="True" condition-coverage="50% (1/2)">
                  <conditions>
                    <condition number="43" type="jump" coverage="50%" />
                  </conditions>
                </line>
                <line number="15" hits="816" branch="True" condition-coverage="50% (1/2)">
                  <conditions>
                    <condition number="60" type="jump" coverage="50%" />
                  </conditions>
                </line>
                <line number="16" hits="0" branch="False" />
                <line number="18" hits="816" branch="False" />
                <line number="19" hits="816" branch="False" />
                <line number="20" hits="816" branch="False" />
                <line number="22" hits="816" branch="False" />
                <line number="23" hits="816" branch="False" />
              </lines>
            </method>
          </methods>
          <lines>
            <line number="8" hits="816" branch="False" />
            <line number="9" hits="816" branch="False" />
            <line number="10" hits="816" branch="False" />
            <line number="12" hits="816" branch="False" />
            <line number="13" hits="816" branch="True" condition-coverage="50% (1/2)">
              <conditions>
                <condition number="43" type="jump" coverage="50%" />
              </conditions>
            </line>
            <line number="15" hits="816" branch="True" condition-coverage="50% (1/2)">
              <conditions>
                <condition number="60" type="jump" coverage="50%" />
              </conditions>
            </line>
            <line number="16" hits="0" branch="False" />
            <line number="18" hits="816" branch="False" />
            <line number="19" hits="816" branch="False" />
            <line number="20" hits="816" branch="False" />
            <line number="22" hits="816" branch="False" />
            <line number="23" hits="816" branch="False" />
          </lines>
        </class>
        <class name="Algorithm.New.Utils.Interval" filename="Utils\Interval.cs" line-rate="0.6041" branch-rate="0.1666" complexity="15">
          <methods>
            <method name="Determinant" signature="(Algorithm.New.Music.Note)" line-rate="0.8" branch-rate="0.5" complexity="4">
              <lines>
                <line number="24" hits="14970" branch="False" />
                <line number="25" hits="14970" branch="True" condition-coverage="50% (1/2)">
                  <conditions>
                    <condition number="7" type="jump" coverage="50%" />
                  </conditions>
                </line>
                <line number="26" hits="0" branch="False" />
                <line number="28" hits="14970" branch="False" />
                <line number="29" hits="14970" branch="False" />
                <line number="31" hits="14970" branch="True" condition-coverage="50% (1/2)">
                  <conditions>
                    <condition number="51" type="jump" coverage="50%" />
                  </conditions>
                </line>
                <line number="32" hits="0" branch="False" />
                <line number="34" hits="14970" branch="False" />
                <line number="36" hits="14970" branch="False" />
                <line number="37" hits="14970" branch="False" />
              </lines>
            </method>
            <method name="IsLower" signature="(Algorithm.New.Music.Note,Algorithm.New.Music.Note)" line-rate="1" branch-rate="1" complexity="1">
              <lines>
                <line number="39" hits="1747" branch="False" />
              </lines>
            </method>
            <method name="SetCloser" signature="(Algorithm.New.Music.Note,Algorithm.New.Music.Note)" line-rate="0" branch-rate="0" complexity="8">
              <lines>
                <line number="42" hits="0" branch="False" />
                <line number="43" hits="0" branch="True" condition-coverage="0% (0/4)">
                  <conditions>
                    <condition number="2" type="jump" coverage="0%" />
                    <condition number="15" type="jump" coverage="0%" />
                  </conditions>
                </line>
                <line number="44" hits="0" branch="False" />
                <line number="46" hits="0" branch="False" />
                <line number="48" hits="0" branch="False" />
                <line number="49" hits="0" branch="False" />
                <line number="51" hits="0" branch="False" />
                <line number="53" hits="0" branch="False" />
                <line number="54" hits="0" branch="False" />
                <line number="55" hits="0" branch="False" />
                <line number="57" hits="0" branch="False" />
                <line number="59" hits="0" branch="True" condition-coverage="0% (0/2)">
                  <conditions>
                    <condition number="152" type="jump" coverage="0%" />
                  </conditions>
                </line>
                <line number="60" hits="0" branch="False" />
                <line number="61" hits="0" branch="True" condition-coverage="0% (0/2)">
                  <conditions>
                    <condition number="166" type="jump" coverage="0%" />
                  </conditions>
                </line>
                <line number="62" hits="0" branch="False" />
                <line number="64" hits="0" branch="False" />
                <line number="65" hits="0" branch="False" />
              </lines>
            </method>
            <method name="SemitonesBetween" signature="(Algorithm.New.Music.Note,Algorithm.New.Music.Note)" line-rate="1" branch-rate="1" complexity="1">
              <lines>
                <line number="68" hits="5548" branch="False" />
                <line number="69" hits="5548" branch="False" />
                <line number="70" hits="5548" branch="False" />
                <line number="72" hits="5548" branch="False" />
                <line number="73" hits="5548" branch="False" />
              </lines>
            </method>
            <method name=".cctor" signature="()" line-rate="1" branch-rate="1" complexity="1">
              <lines>
                <line number="7" hits="1" branch="False" />
                <line number="8" hits="1" branch="False" />
                <line number="9" hits="1" branch="False" />
                <line number="10" hits="1" branch="False" />
                <line number="11" hits="1" branch="False" />
                <line number="12" hits="1" branch="False" />
                <line number="13" hits="1" branch="False" />
                <line number="14" hits="1" branch="False" />
                <line number="15" hits="1" branch="False" />
                <line number="16" hits="1" branch="False" />
                <line number="17" hits="1" branch="False" />
                <line number="18" hits="1" branch="False" />
                <line number="19" hits="1" branch="False" />
                <line number="20" hits="1" branch="False" />
                <line number="21" hits="1" branch="False" />
              </lines>
            </method>
          </methods>
          <lines>
            <line number="24" hits="14970" branch="False" />
            <line number="25" hits="14970" branch="True" condition-coverage="50% (1/2)">
              <conditions>
                <condition number="7" type="jump" coverage="50%" />
              </conditions>
            </line>
            <line number="26" hits="0" branch="False" />
            <line number="28" hits="14970" branch="False" />
            <line number="29" hits="14970" branch="False" />
            <line number="31" hits="14970" branch="True" condition-coverage="50% (1/2)">
              <conditions>
                <condition number="51" type="jump" coverage="50%" />
              </conditions>
            </line>
            <line number="32" hits="0" branch="False" />
            <line number="34" hits="14970" branch="False" />
            <line number="36" hits="14970" branch="False" />
            <line number="37" hits="14970" branch="False" />
            <line number="39" hits="1747" branch="False" />
            <line number="42" hits="0" branch="False" />
            <line number="43" hits="0" branch="True" condition-coverage="0% (0/4)">
              <conditions>
                <condition number="2" type="jump" coverage="0%" />
                <condition number="15" type="jump" coverage="0%" />
              </conditions>
            </line>
            <line number="44" hits="0" branch="False" />
            <line number="46" hits="0" branch="False" />
            <line number="48" hits="0" branch="False" />
            <line number="49" hits="0" branch="False" />
            <line number="51" hits="0" branch="False" />
            <line number="53" hits="0" branch="False" />
            <line number="54" hits="0" branch="False" />
            <line number="55" hits="0" branch="False" />
            <line number="57" hits="0" branch="False" />
            <line number="59" hits="0" branch="True" condition-coverage="0% (0/2)">
              <conditions>
                <condition number="152" type="jump" coverage="0%" />
              </conditions>
            </line>
            <line number="60" hits="0" branch="False" />
            <line number="61" hits="0" branch="True" condition-coverage="0% (0/2)">
              <conditions>
                <condition number="166" type="jump" coverage="0%" />
              </conditions>
            </line>
            <line number="62" hits="0" branch="False" />
            <line number="64" hits="0" branch="False" />
            <line number="65" hits="0" branch="False" />
            <line number="68" hits="5548" branch="False" />
            <line number="69" hits="5548" branch="False" />
            <line number="70" hits="5548" branch="False" />
            <line number="72" hits="5548" branch="False" />
            <line number="73" hits="5548" branch="False" />
            <line number="7" hits="1" branch="False" />
            <line number="8" hits="1" branch="False" />
            <line number="9" hits="1" branch="False" />
            <line number="10" hits="1" branch="False" />
            <line number="11" hits="1" branch="False" />
            <line number="12" hits="1" branch="False" />
            <line number="13" hits="1" branch="False" />
            <line number="14" hits="1" branch="False" />
            <line number="15" hits="1" branch="False" />
            <line number="16" hits="1" branch="False" />
            <line number="17" hits="1" branch="False" />
            <line number="18" hits="1" branch="False" />
            <line number="19" hits="1" branch="False" />
            <line number="20" hits="1" branch="False" />
            <line number="21" hits="1" branch="False" />
          </lines>
        </class>
        <class name="Algorithm.New.Utils.Permutations" filename="Utils\Permutations.cs" line-rate="1" branch-rate="1" complexity="5">
          <methods>
            <method name="CreatePermutations" signature="(System.Collections.Generic.List`1&lt;T&gt;,System.Int32)" line-rate="1" branch-rate="1" complexity="1">
              <lines>
                <line number="12" hits="122" branch="False" />
                <line number="13" hits="122" branch="False" />
                <line number="14" hits="122" branch="False" />
                <line number="15" hits="122" branch="False" />
                <line number="16" hits="122" branch="False" />
              </lines>
            </method>
            <method name="CreatePermutationsRecursive" signature="(System.Collections.Generic.List`1&lt;T&gt;,System.Collections.Generic.List`1&lt;T&gt;,System.Collections.Generic.List`1&lt;System.Collections.Generic.List`1&lt;T&gt;&gt;,System.Int32,System.Int32)" line-rate="1" branch-rate="1" complexity="4">
              <lines>
                <line number="19" hits="696" branch="False" />
                <line number="20" hits="696" branch="True" condition-coverage="100% (2/2)">
                  <conditions>
                    <condition number="12" type="jump" coverage="100%" />
                  </conditions>
                </line>
                <line number="21" hits="122" branch="False" />
                <line number="22" hits="122" branch="False" />
                <line number="23" hits="122" branch="False" />
                <line number="26" hits="2296" branch="True" condition-coverage="100% (2/2)">
                  <conditions>
                    <condition number="94" type="jump" coverage="100%" />
                  </conditions>
                </line>
                <line number="27" hits="574" branch="False" />
                <line number="28" hits="574" branch="False" />
                <line number="29" hits="574" branch="False" />
                <line number="30" hits="574" branch="False" />
                <line number="31" hits="574" branch="False" />
                <line number="32" hits="696" branch="False" />
              </lines>
            </method>
          </methods>
          <lines>
            <line number="12" hits="122" branch="False" />
            <line number="13" hits="122" branch="False" />
            <line number="14" hits="122" branch="False" />
            <line number="15" hits="122" branch="False" />
            <line number="16" hits="122" branch="False" />
            <line number="19" hits="696" branch="False" />
            <line number="20" hits="696" branch="True" condition-coverage="100% (2/2)">
              <conditions>
                <condition number="12" type="jump" coverage="100%" />
              </conditions>
            </line>
            <line number="21" hits="122" branch="False" />
            <line number="22" hits="122" branch="False" />
            <line number="23" hits="122" branch="False" />
            <line number="26" hits="2296" branch="True" condition-coverage="100% (2/2)">
              <conditions>
                <condition number="94" type="jump" coverage="100%" />
              </conditions>
            </line>
            <line number="27" hits="574" branch="False" />
            <line number="28" hits="574" branch="False" />
            <line number="29" hits="574" branch="False" />
            <line number="30" hits="574" branch="False" />
            <line number="31" hits="574" branch="False" />
            <line number="32" hits="696" branch="False" />
          </lines>
        </class>
        <class name="Algorithm.New.Utils.PossibleNotes" filename="Utils\PossibleNotes.cs" line-rate="0.56" branch-rate="0.4" complexity="10">
          <methods>
            <method name="GeneratePossibleNotes" signature="(Algorithm.New.Music.Function)" line-rate="1" branch-rate="1" complexity="4">
              <lines>
                <line number="8" hits="102" branch="False" />
                <line number="9" hits="102" branch="False" />
                <line number="11" hits="714" branch="True" condition-coverage="100% (2/2)">
                  <conditions>
                    <condition number="120" type="jump" coverage="100%" />
                  </conditions>
                </line>
                <line number="12" hits="204" branch="False" />
                <line number="13" hits="204" branch="False" />
                <line number="15" hits="2244" branch="True" condition-coverage="100% (2/2)">
                  <conditions>
                    <condition number="85" type="jump" coverage="100%" />
                  </conditions>
                </line>
                <line number="16" hits="816" branch="False" />
                <line number="17" hits="816" branch="False" />
                <line number="18" hits="816" branch="False" />
                <line number="19" hits="816" branch="False" />
                <line number="21" hits="204" branch="False" />
                <line number="22" hits="204" branch="False" />
                <line number="24" hits="102" branch="False" />
                <line number="25" hits="102" branch="False" />
              </lines>
            </method>
            <method name="Contains" signature="(System.Collections.Generic.List`1&lt;System.String&gt;,System.Collections.Generic.List`1&lt;System.Collections.Generic.List`1&lt;System.String&gt;&gt;)" line-rate="0" branch-rate="0" complexity="6">
              <lines>
                <line number="28" hits="0" branch="False" />
                <line number="29" hits="0" branch="True" condition-coverage="0% (0/2)">
                  <conditions>
                    <condition number="84" type="jump" coverage="0%" />
                  </conditions>
                </line>
                <line number="30" hits="0" branch="False" />
                <line number="31" hits="0" branch="True" condition-coverage="0% (0/2)">
                  <conditions>
                    <condition number="74" type="jump" coverage="0%" />
                  </conditions>
                </line>
                <line number="32" hits="0" branch="False" />
                <line number="33" hits="0" branch="True" condition-coverage="0% (0/2)">
                  <conditions>
                    <condition number="49" type="jump" coverage="0%" />
                  </conditions>
                </line>
                <line number="34" hits="0" branch="False" />
                <line number="35" hits="0" branch="False" />
                <line number="36" hits="0" branch="False" />
                <line number="38" hits="0" branch="False" />
                <line number="39" hits="0" branch="False" />
              </lines>
            </method>
          </methods>
          <lines>
            <line number="8" hits="102" branch="False" />
            <line number="9" hits="102" branch="False" />
            <line number="11" hits="714" branch="True" condition-coverage="100% (2/2)">
              <conditions>
                <condition number="120" type="jump" coverage="100%" />
              </conditions>
            </line>
            <line number="12" hits="204" branch="False" />
            <line number="13" hits="204" branch="False" />
            <line number="15" hits="2244" branch="True" condition-coverage="100% (2/2)">
              <conditions>
                <condition number="85" type="jump" coverage="100%" />
              </conditions>
            </line>
            <line number="16" hits="816" branch="False" />
            <line number="17" hits="816" branch="False" />
            <line number="18" hits="816" branch="False" />
            <line number="19" hits="816" branch="False" />
            <line number="21" hits="204" branch="False" />
            <line number="22" hits="204" branch="False" />
            <line number="24" hits="102" branch="False" />
            <line number="25" hits="102" branch="False" />
            <line number="28" hits="0" branch="False" />
            <line number="29" hits="0" branch="True" condition-coverage="0% (0/2)">
              <conditions>
                <condition number="84" type="jump" coverage="0%" />
              </conditions>
            </line>
            <line number="30" hits="0" branch="False" />
            <line number="31" hits="0" branch="True" condition-coverage="0% (0/2)">
              <conditions>
                <condition number="74" type="jump" coverage="0%" />
              </conditions>
            </line>
            <line number="32" hits="0" branch="False" />
            <line number="33" hits="0" branch="True" condition-coverage="0% (0/2)">
              <conditions>
                <condition number="49" type="jump" coverage="0%" />
              </conditions>
            </line>
            <line number="34" hits="0" branch="False" />
            <line number="35" hits="0" branch="False" />
            <line number="36" hits="0" branch="False" />
            <line number="38" hits="0" branch="False" />
            <line number="39" hits="0" branch="False" />
          </lines>
        </class>
        <class name="Algorithm.New.Utils.Rhytm" filename="Utils\Rhytm.cs" line-rate="0.9193000000000001" branch-rate="0.7619" complexity="42">
          <methods>
            <method name="GetRhytmicScheme" signature="(System.Int32,System.Int32,System.Int32)" line-rate="0.9444" branch-rate="0.8887999999999999" complexity="18">
              <lines>
                <line number="6" hits="58" branch="False" />
                <line number="7" hits="58" branch="False" />
                <line number="9" hits="58" branch="True" condition-coverage="100% (2/2)">
                  <conditions>
                    <condition number="13" type="jump" coverage="100%" />
                  </conditions>
                </line>
                <line number="10" hits="1" branch="False" />
                <line number="12" hits="57" branch="True" condition-coverage="100% (6/6)">
                  <conditions>
                    <condition number="28" type="jump" coverage="100%" />
                    <condition number="32" type="jump" coverage="100%" />
                    <condition number="45" type="jump" coverage="100%" />
                  </conditions>
                </line>
                <line number="13" hits="1" branch="False" />
                <line number="15" hits="56" branch="True" condition-coverage="75% (3/4)">
                  <conditions>
                    <condition number="64" type="jump" coverage="100%" />
                    <condition number="70" type="jump" coverage="50%" />
                  </conditions>
                </line>
                <line number="16" hits="56" branch="False" />
                <line number="17" hits="42" branch="False" />
                <line number="18" hits="14" branch="False" />
                <line number="19" hits="0" branch="False" />
                <line number="20" hits="56" branch="False" />
                <line number="22" hits="56" branch="False" />
                <line number="23" hits="56" branch="False" />
                <line number="25" hits="402" branch="True" condition-coverage="100% (2/2)">
                  <conditions>
                    <condition number="287" type="jump" coverage="100%" />
                  </conditions>
                </line>
                <line number="26" hits="145" branch="False" />
                <line number="27" hits="145" branch="False" />
                <line number="29" hits="145" branch="True" condition-coverage="100% (2/2)">
                  <conditions>
                    <condition number="139" type="jump" coverage="100%" />
                  </conditions>
                </line>
                <line number="30" hits="89" branch="False" />
                <line number="31" hits="89" branch="False" />
                <line number="32" hits="89" branch="False" />
                <line number="34" hits="89" branch="False" />
                <line number="35" hits="89" branch="False" />
                <line number="36" hits="89" branch="False" />
                <line number="38" hits="56" branch="False" />
                <line number="39" hits="56" branch="False" />
                <line number="40" hits="56" branch="False" />
                <line number="41" hits="56" branch="False" />
                <line number="43" hits="56" branch="False" />
                <line number="44" hits="56" branch="False" />
                <line number="45" hits="56" branch="False" />
                <line number="46" hits="145" branch="False" />
                <line number="48" hits="56" branch="True" condition-coverage="50% (1/2)">
                  <conditions>
                    <condition number="308" type="jump" coverage="50%" />
                  </conditions>
                </line>
                <line number="49" hits="0" branch="False" />
                <line number="51" hits="56" branch="False" />
                <line number="52" hits="56" branch="False" />
              </lines>
            </method>
            <method name="DivideNote" signature="(System.Int32,System.Int32)" line-rate="0.8665999999999999" branch-rate="0.6111" complexity="18">
              <lines>
                <line number="55" hits="145" branch="False" />
                <line number="56" hits="145" branch="True" condition-coverage="100% (4/4)">
                  <conditions>
                    <condition number="4" type="jump" coverage="100%" />
                    <condition number="15" type="jump" coverage="100%" />
                  </conditions>
                </line>
                <line number="57" hits="7" branch="False" />
                <line number="59" hits="138" branch="True" condition-coverage="50% (7/14)">
                  <conditions>
                    <condition number="37" type="switch" coverage="50%" />
                    <condition number="91" type="jump" coverage="50%" />
                  </conditions>
                </line>
                <line number="60" hits="138" branch="False" />
                <line number="61" hits="7" branch="False" />
                <line number="62" hits="7" branch="False" />
                <line number="63" hits="42" branch="False" />
                <line number="64" hits="16" branch="False" />
                <line number="65" hits="44" branch="False" />
                <line number="66" hits="0" branch="False" />
                <line number="67" hits="22" branch="False" />
                <line number="68" hits="0" branch="False" />
                <line number="69" hits="138" branch="False" />
                <line number="70" hits="145" branch="False" />
              </lines>
            </method>
            <method name="SameElementsInList" signature="(System.Collections.Generic.List`1&lt;System.Int32&gt;)" line-rate="0.909" branch-rate="0.8332999999999999" complexity="6">
              <lines>
                <line number="73" hits="145" branch="False" />
                <line number="74" hits="145" branch="True" condition-coverage="50% (1/2)">
                  <conditions>
                    <condition number="12" type="jump" coverage="50%" />
                  </conditions>
                </line>
                <line number="75" hits="0" branch="False" />
                <line number="77" hits="145" branch="False" />
                <line number="79" hits="997" branch="True" condition-coverage="100% (2/2)">
                  <conditions>
                    <condition number="72" type="jump" coverage="100%" />
                  </conditions>
                </line>
                <line number="80" hits="309" branch="False" />
                <line number="81" hits="309" branch="True" condition-coverage="100% (2/2)">
                  <conditions>
                    <condition number="58" type="jump" coverage="100%" />
                  </conditions>
                </line>
                <line number="82" hits="56" branch="False" />
                <line number="83" hits="253" branch="False" />
                <line number="85" hits="89" branch="False" />
                <line number="86" hits="145" branch="False" />
              </lines>
            </method>
          </methods>
          <lines>
            <line number="6" hits="58" branch="False" />
            <line number="7" hits="58" branch="False" />
            <line number="9" hits="58" branch="True" condition-coverage="100% (2/2)">
              <conditions>
                <condition number="13" type="jump" coverage="100%" />
              </conditions>
            </line>
            <line number="10" hits="1" branch="False" />
            <line number="12" hits="57" branch="True" condition-coverage="100% (6/6)">
              <conditions>
                <condition number="28" type="jump" coverage="100%" />
                <condition number="32" type="jump" coverage="100%" />
                <condition number="45" type="jump" coverage="100%" />
              </conditions>
            </line>
            <line number="13" hits="1" branch="False" />
            <line number="15" hits="56" branch="True" condition-coverage="75% (3/4)">
              <conditions>
                <condition number="64" type="jump" coverage="100%" />
                <condition number="70" type="jump" coverage="50%" />
              </conditions>
            </line>
            <line number="16" hits="56" branch="False" />
            <line number="17" hits="42" branch="False" />
            <line number="18" hits="14" branch="False" />
            <line number="19" hits="0" branch="False" />
            <line number="20" hits="56" branch="False" />
            <line number="22" hits="56" branch="False" />
            <line number="23" hits="56" branch="False" />
            <line number="25" hits="402" branch="True" condition-coverage="100% (2/2)">
              <conditions>
                <condition number="287" type="jump" coverage="100%" />
              </conditions>
            </line>
            <line number="26" hits="145" branch="False" />
            <line number="27" hits="145" branch="False" />
            <line number="29" hits="145" branch="True" condition-coverage="100% (2/2)">
              <conditions>
                <condition number="139" type="jump" coverage="100%" />
              </conditions>
            </line>
            <line number="30" hits="89" branch="False" />
            <line number="31" hits="89" branch="False" />
            <line number="32" hits="89" branch="False" />
            <line number="34" hits="89" branch="False" />
            <line number="35" hits="89" branch="False" />
            <line number="36" hits="89" branch="False" />
            <line number="38" hits="56" branch="False" />
            <line number="39" hits="56" branch="False" />
            <line number="40" hits="56" branch="False" />
            <line number="41" hits="56" branch="False" />
            <line number="43" hits="56" branch="False" />
            <line number="44" hits="56" branch="False" />
            <line number="45" hits="56" branch="False" />
            <line number="46" hits="145" branch="False" />
            <line number="48" hits="56" branch="True" condition-coverage="50% (1/2)">
              <conditions>
                <condition number="308" type="jump" coverage="50%" />
              </conditions>
            </line>
            <line number="49" hits="0" branch="False" />
            <line number="51" hits="56" branch="False" />
            <line number="52" hits="56" branch="False" />
            <line number="55" hits="145" branch="False" />
            <line number="56" hits="145" branch="True" condition-coverage="100% (4/4)">
              <conditions>
                <condition number="4" type="jump" coverage="100%" />
                <condition number="15" type="jump" coverage="100%" />
              </conditions>
            </line>
            <line number="57" hits="7" branch="False" />
            <line number="59" hits="138" branch="True" condition-coverage="50% (7/14)">
              <conditions>
                <condition number="37" type="switch" coverage="50%" />
                <condition number="91" type="jump" coverage="50%" />
              </conditions>
            </line>
            <line number="60" hits="138" branch="False" />
            <line number="61" hits="7" branch="False" />
            <line number="62" hits="7" branch="False" />
            <line number="63" hits="42" branch="False" />
            <line number="64" hits="16" branch="False" />
            <line number="65" hits="44" branch="False" />
            <line number="66" hits="0" branch="False" />
            <line number="67" hits="22" branch="False" />
            <line number="68" hits="0" branch="False" />
            <line number="69" hits="138" branch="False" />
            <line number="70" hits="145" branch="False" />
            <line number="73" hits="145" branch="False" />
            <line number="74" hits="145" branch="True" condition-coverage="50% (1/2)">
              <conditions>
                <condition number="12" type="jump" coverage="50%" />
              </conditions>
            </line>
            <line number="75" hits="0" branch="False" />
            <line number="77" hits="145" branch="False" />
            <line number="79" hits="997" branch="True" condition-coverage="100% (2/2)">
              <conditions>
                <condition number="72" type="jump" coverage="100%" />
              </conditions>
            </line>
            <line number="80" hits="309" branch="False" />
            <line number="81" hits="309" branch="True" condition-coverage="100% (2/2)">
              <conditions>
                <condition number="58" type="jump" coverage="100%" />
              </conditions>
            </line>
            <line number="82" hits="56" branch="False" />
            <line number="83" hits="253" branch="False" />
            <line number="85" hits="89" branch="False" />
            <line number="86" hits="145" branch="False" />
          </lines>
        </class>
        <class name="Algorithm.New.Utils.Scale" filename="Utils\Scale.cs" line-rate="0.6333" branch-rate="0.35710000000000003" complexity="14">
          <methods>
            <method name="Notes" signature="(Algorithm.New.Music.Tonation)" line-rate="0.6333" branch-rate="0.35710000000000003" complexity="14">
              <lines>
                <line number="8" hits="816" branch="False" />
                <line number="9" hits="816" branch="False" />
                <line number="11" hits="816" branch="False" />
                <line number="12" hits="816" branch="False" />
                <line number="14" hits="816" branch="False" />
                <line number="15" hits="816" branch="False" />
                <line number="16" hits="816" branch="False" />
                <line number="17" hits="816" branch="False" />
                <line number="19" hits="816" branch="True" condition-coverage="50% (1/2)">
                  <conditions>
                    <condition number="81" type="jump" coverage="50%" />
                  </conditions>
                </line>
                <line number="20" hits="0" branch="False" />
                <line number="21" hits="0" branch="True" condition-coverage="0% (0/2)">
                  <conditions>
                    <condition number="85" type="jump" coverage="0%" />
                  </conditions>
                </line>
                <line number="22" hits="0" branch="True" condition-coverage="0% (0/2)">
                  <conditions>
                    <condition number="102" type="jump" coverage="0%" />
                  </conditions>
                </line>
                <line number="23" hits="0" branch="False" />
                <line number="25" hits="13056" branch="True" condition-coverage="100% (2/2)">
                  <conditions>
                    <condition number="241" type="jump" coverage="100%" />
                  </conditions>
                </line>
                <line number="26" hits="5712" branch="False" />
                <line number="27" hits="5712" branch="False" />
                <line number="28" hits="5712" branch="False" />
                <line number="30" hits="11424" branch="True" condition-coverage="50% (1/2)">
                  <conditions>
                    <condition number="205" type="jump" coverage="50%" />
                  </conditions>
                </line>
                <line number="31" hits="0" branch="False" />
                <line number="32" hits="0" branch="True" condition-coverage="0% (0/2)">
                  <conditions>
                    <condition number="173" type="jump" coverage="0%" />
                  </conditions>
                </line>
                <line number="33" hits="0" branch="False" />
                <line number="34" hits="0" branch="False" />
                <line number="35" hits="0" branch="False" />
                <line number="36" hits="0" branch="False" />
                <line number="38" hits="5712" branch="False" />
                <line number="39" hits="5712" branch="False" />
                <line number="41" hits="816" branch="True" condition-coverage="50% (1/2)">
                  <conditions>
                    <condition number="259" type="jump" coverage="50%" />
                  </conditions>
                </line>
                <line number="42" hits="0" branch="False" />
                <line number="44" hits="816" branch="False" />
                <line number="45" hits="816" branch="False" />
              </lines>
            </method>
          </methods>
          <lines>
            <line number="8" hits="816" branch="False" />
            <line number="9" hits="816" branch="False" />
            <line number="11" hits="816" branch="False" />
            <line number="12" hits="816" branch="False" />
            <line number="14" hits="816" branch="False" />
            <line number="15" hits="816" branch="False" />
            <line number="16" hits="816" branch="False" />
            <line number="17" hits="816" branch="False" />
            <line number="19" hits="816" branch="True" condition-coverage="50% (1/2)">
              <conditions>
                <condition number="81" type="jump" coverage="50%" />
              </conditions>
            </line>
            <line number="20" hits="0" branch="False" />
            <line number="21" hits="0" branch="True" condition-coverage="0% (0/2)">
              <conditions>
                <condition number="85" type="jump" coverage="0%" />
              </conditions>
            </line>
            <line number="22" hits="0" branch="True" condition-coverage="0% (0/2)">
              <conditions>
                <condition number="102" type="jump" coverage="0%" />
              </conditions>
            </line>
            <line number="23" hits="0" branch="False" />
            <line number="25" hits="13056" branch="True" condition-coverage="100% (2/2)">
              <conditions>
                <condition number="241" type="jump" coverage="100%" />
              </conditions>
            </line>
            <line number="26" hits="5712" branch="False" />
            <line number="27" hits="5712" branch="False" />
            <line number="28" hits="5712" branch="False" />
            <line number="30" hits="11424" branch="True" condition-coverage="50% (1/2)">
              <conditions>
                <condition number="205" type="jump" coverage="50%" />
              </conditions>
            </line>
            <line number="31" hits="0" branch="False" />
            <line number="32" hits="0" branch="True" condition-coverage="0% (0/2)">
              <conditions>
                <condition number="173" type="jump" coverage="0%" />
              </conditions>
            </line>
            <line number="33" hits="0" branch="False" />
            <line number="34" hits="0" branch="False" />
            <line number="35" hits="0" branch="False" />
            <line number="36" hits="0" branch="False" />
            <line number="38" hits="5712" branch="False" />
            <line number="39" hits="5712" branch="False" />
            <line number="41" hits="816" branch="True" condition-coverage="50% (1/2)">
              <conditions>
                <condition number="259" type="jump" coverage="50%" />
              </conditions>
            </line>
            <line number="42" hits="0" branch="False" />
            <line number="44" hits="816" branch="False" />
            <line number="45" hits="816" branch="False" />
          </lines>
        </class>
        <class name="Algorithm.New.Music.Component" filename="Music\Component.cs" line-rate="0.8214" branch-rate="0.4047" complexity="49">
          <methods>
            <method name="get_Type" signature="()" line-rate="1" branch-rate="1" complexity="1">
              <lines>
                <line number="23" hits="1640" branch="False" />
              </lines>
            </method>
            <method name="get_Obligatory" signature="()" line-rate="1" branch-rate="1" complexity="1">
              <lines>
                <line number="24" hits="8" branch="False" />
              </lines>
            </method>
            <method name="get_Alteration" signature="()" line-rate="1" branch-rate="1" complexity="1">
              <lines>
                <line number="25" hits="1640" branch="False" />
              </lines>
            </method>
            <method name="get_Suspension" signature="()" line-rate="1" branch-rate="1" complexity="1">
              <lines>
                <line number="26" hits="8" branch="False" />
              </lines>
            </method>
            <method name="get_Dissonant" signature="()" line-rate="1" branch-rate="1" complexity="1">
              <lines>
                <line number="27" hits="8" branch="False" />
              </lines>
            </method>
            <method name="GetByString" signature="(System.String)" line-rate="0.4285" branch-rate="0.3947" complexity="38">
              <lines>
                <line number="48" hits="210" branch="False" />
                <line number="49" hits="210" branch="True" condition-coverage="39.47% (15/38)">
                  <conditions>
                    <condition number="18" type="jump" coverage="50%" />
                    <condition number="26" type="jump" coverage="0%" />
                    <condition number="34" type="jump" coverage="0%" />
                    <condition number="63" type="jump" coverage="0%" />
                    <condition number="92" type="jump" coverage="50%" />
                    <condition number="100" type="jump" coverage="0%" />
                    <condition number="123" type="jump" coverage="50%" />
                    <condition number="110" type="jump" coverage="50%" />
                    <condition number="47" type="jump" coverage="50%" />
                    <condition number="76" type="jump" coverage="50%" />
                    <condition number="133" type="jump" coverage="50%" />
                    <condition number="151" type="jump" coverage="50%" />
                    <condition number="169" type="jump" coverage="50%" />
                    <condition number="187" type="jump" coverage="50%" />
                    <condition number="205" type="jump" coverage="50%" />
                    <condition number="220" type="jump" coverage="50%" />
                    <condition number="235" type="jump" coverage="50%" />
                    <condition number="250" type="jump" coverage="50%" />
                    <condition number="265" type="jump" coverage="50%" />
                  </conditions>
                </line>
                <line number="50" hits="210" branch="False" />
                <line number="51" hits="0" branch="False" />
                <line number="52" hits="0" branch="False" />
                <line number="53" hits="0" branch="False" />
                <line number="54" hits="0" branch="False" />
                <line number="55" hits="0" branch="False" />
                <line number="56" hits="0" branch="False" />
                <line number="57" hits="0" branch="False" />
                <line number="58" hits="0" branch="False" />
                <line number="59" hits="210" branch="False" />
                <line number="60" hits="210" branch="False" />
                <line number="61" hits="210" branch="False" />
              </lines>
            </method>
            <method name="Equals" signature="(System.Object)" line-rate="0.8" branch-rate="0.5" complexity="4">
              <lines>
                <line number="64" hits="816" branch="False" />
                <line number="65" hits="816" branch="True" condition-coverage="50% (1/2)">
                  <conditions>
                    <condition number="7" type="jump" coverage="50%" />
                  </conditions>
                </line>
                <line number="66" hits="0" branch="False" />
                <line number="68" hits="816" branch="True" condition-coverage="50% (1/2)">
                  <conditions>
                    <condition number="26" type="jump" coverage="50%" />
                  </conditions>
                </line>
                <line number="69" hits="816" branch="False" />
                <line number="70" hits="816" branch="False" />
                <line number="71" hits="816" branch="False" />
                <line number="73" hits="816" branch="False" />
                <line number="76" hits="0" branch="False" />
                <line number="77" hits="816" branch="False" />
              </lines>
            </method>
            <method name=".ctor" signature="(Algorithm.New.Music.ComponentType,System.Boolean,Algorithm.New.Music.Alteration,System.Boolean,System.Boolean)" line-rate="1" branch-rate="1" complexity="1">
              <lines>
                <line number="29" hits="8" branch="False" />
                <line number="30" hits="8" branch="False" />
                <line number="31" hits="8" branch="False" />
                <line number="32" hits="8" branch="False" />
                <line number="33" hits="8" branch="False" />
                <line number="34" hits="8" branch="False" />
                <line number="35" hits="8" branch="False" />
                <line number="36" hits="8" branch="False" />
              </lines>
            </method>
            <method name=".cctor" signature="()" line-rate="1" branch-rate="1" complexity="1">
              <lines>
                <line number="11" hits="1" branch="False" />
                <line number="12" hits="1" branch="False" />
                <line number="13" hits="1" branch="False" />
                <line number="14" hits="1" branch="False" />
                <line number="15" hits="1" branch="False" />
                <line number="16" hits="1" branch="False" />
                <line number="17" hits="1" branch="False" />
                <line number="18" hits="1" branch="False" />
                <line number="19" hits="1" branch="False" />
                <line number="20" hits="1" branch="False" />
                <line number="21" hits="1" branch="False" />
                <line number="38" hits="1" branch="False" />
                <line number="39" hits="1" branch="False" />
                <line number="40" hits="1" branch="False" />
                <line number="41" hits="1" branch="False" />
                <line number="42" hits="1" branch="False" />
                <line number="43" hits="1" branch="False" />
                <line number="44" hits="1" branch="False" />
                <line number="45" hits="1" branch="False" />
              </lines>
            </method>
          </methods>
          <lines>
            <line number="23" hits="1640" branch="False" />
            <line number="24" hits="8" branch="False" />
            <line number="25" hits="1640" branch="False" />
            <line number="26" hits="8" branch="False" />
            <line number="27" hits="8" branch="False" />
            <line number="48" hits="210" branch="False" />
            <line number="49" hits="210" branch="True" condition-coverage="39.47% (15/38)">
              <conditions>
                <condition number="18" type="jump" coverage="50%" />
                <condition number="26" type="jump" coverage="0%" />
                <condition number="34" type="jump" coverage="0%" />
                <condition number="63" type="jump" coverage="0%" />
                <condition number="92" type="jump" coverage="50%" />
                <condition number="100" type="jump" coverage="0%" />
                <condition number="123" type="jump" coverage="50%" />
                <condition number="110" type="jump" coverage="50%" />
                <condition number="47" type="jump" coverage="50%" />
                <condition number="76" type="jump" coverage="50%" />
                <condition number="133" type="jump" coverage="50%" />
                <condition number="151" type="jump" coverage="50%" />
                <condition number="169" type="jump" coverage="50%" />
                <condition number="187" type="jump" coverage="50%" />
                <condition number="205" type="jump" coverage="50%" />
                <condition number="220" type="jump" coverage="50%" />
                <condition number="235" type="jump" coverage="50%" />
                <condition number="250" type="jump" coverage="50%" />
                <condition number="265" type="jump" coverage="50%" />
              </conditions>
            </line>
            <line number="50" hits="210" branch="False" />
            <line number="51" hits="0" branch="False" />
            <line number="52" hits="0" branch="False" />
            <line number="53" hits="0" branch="False" />
            <line number="54" hits="0" branch="False" />
            <line number="55" hits="0" branch="False" />
            <line number="56" hits="0" branch="False" />
            <line number="57" hits="0" branch="False" />
            <line number="58" hits="0" branch="False" />
            <line number="59" hits="210" branch="False" />
            <line number="60" hits="210" branch="False" />
            <line number="61" hits="210" branch="False" />
            <line number="64" hits="816" branch="False" />
            <line number="65" hits="816" branch="True" condition-coverage="50% (1/2)">
              <conditions>
                <condition number="7" type="jump" coverage="50%" />
              </conditions>
            </line>
            <line number="66" hits="0" branch="False" />
            <line number="68" hits="816" branch="True" condition-coverage="50% (1/2)">
              <conditions>
                <condition number="26" type="jump" coverage="50%" />
              </conditions>
            </line>
            <line number="69" hits="816" branch="False" />
            <line number="70" hits="816" branch="False" />
            <line number="71" hits="816" branch="False" />
            <line number="73" hits="816" branch="False" />
            <line number="76" hits="0" branch="False" />
            <line number="77" hits="816" branch="False" />
            <line number="29" hits="8" branch="False" />
            <line number="30" hits="8" branch="False" />
            <line number="31" hits="8" branch="False" />
            <line number="32" hits="8" branch="False" />
            <line number="33" hits="8" branch="False" />
            <line number="34" hits="8" branch="False" />
            <line number="35" hits="8" branch="False" />
            <line number="36" hits="8" branch="False" />
            <line number="11" hits="1" branch="False" />
            <line number="12" hits="1" branch="False" />
            <line number="13" hits="1" branch="False" />
            <line number="14" hits="1" branch="False" />
            <line number="15" hits="1" branch="False" />
            <line number="16" hits="1" branch="False" />
            <line number="17" hits="1" branch="False" />
            <line number="18" hits="1" branch="False" />
            <line number="19" hits="1" branch="False" />
            <line number="20" hits="1" branch="False" />
            <line number="21" hits="1" branch="False" />
            <line number="38" hits="1" branch="False" />
            <line number="39" hits="1" branch="False" />
            <line number="40" hits="1" branch="False" />
            <line number="41" hits="1" branch="False" />
            <line number="42" hits="1" branch="False" />
            <line number="43" hits="1" branch="False" />
            <line number="44" hits="1" branch="False" />
            <line number="45" hits="1" branch="False" />
          </lines>
        </class>
        <class name="Algorithm.New.Music.ParsedFunction" filename="Music\Function.cs" line-rate="0.4411" branch-rate="0.14279999999999998" complexity="24">
          <methods>
            <method name="get_Minor" signature="()" line-rate="1" branch-rate="1" complexity="1">
              <lines>
                <line number="11" hits="141" branch="False" />
              </lines>
            </method>
            <method name="get_Symbol" signature="()" line-rate="1" branch-rate="1" complexity="1">
              <lines>
                <line number="12" hits="211" branch="False" />
              </lines>
            </method>
            <method name="get_Position" signature="()" line-rate="1" branch-rate="1" complexity="1">
              <lines>
                <line number="13" hits="141" branch="False" />
              </lines>
            </method>
            <method name="get_Root" signature="()" line-rate="1" branch-rate="1" complexity="1">
              <lines>
                <line number="14" hits="141" branch="False" />
              </lines>
            </method>
            <method name="get_Removed" signature="()" line-rate="1" branch-rate="1" complexity="1">
              <lines>
                <line number="15" hits="141" branch="False" />
              </lines>
            </method>
            <method name="get_Alterations" signature="()" line-rate="1" branch-rate="1" complexity="1">
              <lines>
                <line number="16" hits="141" branch="False" />
              </lines>
            </method>
            <method name="get_Added" signature="()" line-rate="1" branch-rate="1" complexity="1">
              <lines>
                <line number="17" hits="141" branch="False" />
              </lines>
            </method>
            <method name="get_BarIndex" signature="()" line-rate="1" branch-rate="1" complexity="1">
              <lines>
                <line number="18" hits="141" branch="False" />
              </lines>
            </method>
            <method name="get_VerticalIndex" signature="()" line-rate="1" branch-rate="1" complexity="1">
              <lines>
                <line number="19" hits="141" branch="False" />
              </lines>
            </method>
            <method name="CreateFromFunction" signature="(Algorithm.New.Music.Function)" line-rate="0" branch-rate="0" complexity="10">
              <lines>
                <line number="58" hits="0" branch="False" />
                <line number="59" hits="0" branch="False" />
                <line number="61" hits="0" branch="False" />
                <line number="62" hits="0" branch="False" />
                <line number="63" hits="0" branch="True" condition-coverage="0% (0/2)">
                  <conditions>
                    <condition number="54" type="jump" coverage="0%" />
                  </conditions>
                </line>
                <line number="64" hits="0" branch="False" />
                <line number="65" hits="0" branch="False" />
                <line number="67" hits="0" branch="True" condition-coverage="0% (0/2)">
                  <conditions>
                    <condition number="97" type="jump" coverage="0%" />
                  </conditions>
                </line>
                <line number="68" hits="0" branch="False" />
                <line number="69" hits="0" branch="False" />
                <line number="71" hits="0" branch="True" condition-coverage="0% (0/2)">
                  <conditions>
                    <condition number="140" type="jump" coverage="0%" />
                  </conditions>
                </line>
                <line number="72" hits="0" branch="False" />
                <line number="73" hits="0" branch="False" />
                <line number="76" hits="0" branch="False" />
                <line number="77" hits="0" branch="False" />
                <line number="79" hits="0" branch="True" condition-coverage="0% (0/2)">
                  <conditions>
                    <condition number="274" type="jump" coverage="0%" />
                  </conditions>
                </line>
                <line number="80" hits="0" branch="False" />
                <line number="83" hits="0" branch="True" condition-coverage="0% (0/2)">
                  <conditions>
                    <condition number="225" type="jump" coverage="0%" />
                  </conditions>
                </line>
                <line number="84" hits="0" branch="False" />
                <line number="85" hits="0" branch="False" />
                <line number="87" hits="0" branch="False" />
                <line number="88" hits="0" branch="False" />
                <line number="90" hits="0" branch="False" />
                <line number="91" hits="0" branch="False" />
                <line number="93" hits="0" branch="False" />
                <line number="94" hits="0" branch="False" />
              </lines>
            </method>
            <method name=".ctor" signature="(System.Boolean,System.String,System.String,System.String,System.String,System.Collections.Generic.List`1&lt;System.String&gt;,System.Collections.Generic.List`1&lt;System.String&gt;,System.Int32,System.Int32)" line-rate="1" branch-rate="0.5" complexity="4">
              <lines>
                <line number="22" hits="71" branch="False" />
                <line number="23" hits="71" branch="False" />
                <line number="24" hits="71" branch="False" />
                <line number="25" hits="71" branch="False" />
                <line number="26" hits="71" branch="False" />
                <line number="27" hits="71" branch="False" />
                <line number="28" hits="71" branch="False" />
                <line number="29" hits="71" branch="False" />
                <line number="30" hits="71" branch="False" />
                <line number="31" hits="71" branch="False" />
                <line number="32" hits="71" branch="False" />
                <line number="33" hits="71" branch="False" />
                <line number="34" hits="71" branch="False" />
                <line number="35" hits="71" branch="False" />
                <line number="36" hits="71" branch="False" />
                <line number="37" hits="71" branch="False" />
                <line number="38" hits="71" branch="True" condition-coverage="50% (1/2)">
                  <conditions>
                    <condition number="54" type="jump" coverage="50%" />
                  </conditions>
                </line>
                <line number="39" hits="71" branch="True" condition-coverage="50% (1/2)">
                  <conditions>
                    <condition number="72" type="jump" coverage="50%" />
                  </conditions>
                </line>
                <line number="40" hits="71" branch="False" />
                <line number="41" hits="71" branch="False" />
                <line number="42" hits="71" branch="False" />
              </lines>
            </method>
            <method name=".ctor" signature="()" line-rate="0" branch-rate="1" complexity="1">
              <lines>
                <line number="44" hits="0" branch="False" />
                <line number="45" hits="0" branch="False" />
                <line number="46" hits="0" branch="False" />
                <line number="47" hits="0" branch="False" />
                <line number="48" hits="0" branch="False" />
                <line number="49" hits="0" branch="False" />
                <line number="50" hits="0" branch="False" />
                <line number="51" hits="0" branch="False" />
                <line number="52" hits="0" branch="False" />
                <line number="53" hits="0" branch="False" />
                <line number="54" hits="0" branch="False" />
                <line number="55" hits="0" branch="False" />
              </lines>
            </method>
          </methods>
          <lines>
            <line number="11" hits="141" branch="False" />
            <line number="12" hits="211" branch="False" />
            <line number="13" hits="141" branch="False" />
            <line number="14" hits="141" branch="False" />
            <line number="15" hits="141" branch="False" />
            <line number="16" hits="141" branch="False" />
            <line number="17" hits="141" branch="False" />
            <line number="18" hits="141" branch="False" />
            <line number="19" hits="141" branch="False" />
            <line number="58" hits="0" branch="False" />
            <line number="59" hits="0" branch="False" />
            <line number="61" hits="0" branch="False" />
            <line number="62" hits="0" branch="False" />
            <line number="63" hits="0" branch="True" condition-coverage="0% (0/2)">
              <conditions>
                <condition number="54" type="jump" coverage="0%" />
              </conditions>
            </line>
            <line number="64" hits="0" branch="False" />
            <line number="65" hits="0" branch="False" />
            <line number="67" hits="0" branch="True" condition-coverage="0% (0/2)">
              <conditions>
                <condition number="97" type="jump" coverage="0%" />
              </conditions>
            </line>
            <line number="68" hits="0" branch="False" />
            <line number="69" hits="0" branch="False" />
            <line number="71" hits="0" branch="True" condition-coverage="0% (0/2)">
              <conditions>
                <condition number="140" type="jump" coverage="0%" />
              </conditions>
            </line>
            <line number="72" hits="0" branch="False" />
            <line number="73" hits="0" branch="False" />
            <line number="76" hits="0" branch="False" />
            <line number="77" hits="0" branch="False" />
            <line number="79" hits="0" branch="True" condition-coverage="0% (0/2)">
              <conditions>
                <condition number="274" type="jump" coverage="0%" />
              </conditions>
            </line>
            <line number="80" hits="0" branch="False" />
            <line number="83" hits="0" branch="True" condition-coverage="0% (0/2)">
              <conditions>
                <condition number="225" type="jump" coverage="0%" />
              </conditions>
            </line>
            <line number="84" hits="0" branch="False" />
            <line number="85" hits="0" branch="False" />
            <line number="87" hits="0" branch="False" />
            <line number="88" hits="0" branch="False" />
            <line number="90" hits="0" branch="False" />
            <line number="91" hits="0" branch="False" />
            <line number="93" hits="0" branch="False" />
            <line number="94" hits="0" branch="False" />
            <line number="22" hits="71" branch="False" />
            <line number="23" hits="71" branch="False" />
            <line number="24" hits="71" branch="False" />
            <line number="25" hits="71" branch="False" />
            <line number="26" hits="71" branch="False" />
            <line number="27" hits="71" branch="False" />
[...]
                  <conditions>
                    <condition number="416" type="jump" coverage="100%" />
                  </conditions>
                </line>
                <line number="111" hits="48" branch="False" />
                <line number="112" hits="48" branch="True" condition-coverage="100% (2/2)">
                  <conditions>
                    <condition number="49" type="jump" coverage="100%" />
                  </conditions>
                </line>
                <line number="113" hits="16" branch="False" />
                <line number="114" hits="296" branch="True" condition-coverage="100% (2/2)">
                  <conditions>
                    <condition number="200" type="jump" coverage="100%" />
                  </conditions>
                </line>
                <line number="115" hits="132" branch="False" />
                <line number="116" hits="132" branch="False" />
                <line number="118" hits="132" branch="True" condition-coverage="50% (1/2)">
                  <conditions>
                    <condition number="105" type="jump" coverage="50%" />
                  </conditions>
                </line>
                <line number="119" hits="0" branch="False" />
                <line number="120" hits="0" branch="False" />
                <line number="121" hits="0" branch="False" />
                <line number="122" hits="0" branch="False" />
                <line number="123" hits="132" branch="False" />
                <line number="124" hits="16" branch="False" />
                <line number="126" hits="32" branch="False" />
                <line number="127" hits="528" branch="True" condition-coverage="100% (2/2)">
                  <conditions>
                    <condition number="402" type="jump" coverage="100%" />
                  </conditions>
                </line>
                <line number="128" hits="232" branch="False" />
                <line number="129" hits="232" branch="False" />
                <line number="130" hits="232" branch="False" />
                <line number="132" hits="232" branch="True" condition-coverage="50% (1/2)">
                  <conditions>
                    <condition number="287" type="jump" coverage="50%" />
                  </conditions>
                </line>
                <line number="133" hits="0" branch="False" />
                <line number="134" hits="0" branch="False" />
                <line number="135" hits="0" branch="False" />
                <line number="136" hits="0" branch="False" />
                <line number="137" hits="232" branch="False" />
                <line number="138" hits="32" branch="False" />
                <line number="139" hits="48" branch="False" />
                <line number="141" hits="8" branch="False" />
                <line number="142" hits="8" branch="False" />
              </lines>
            </method>
          </methods>
          <lines>
            <line number="19" hits="9" branch="False" />
            <line number="20" hits="9" branch="True" condition-coverage="50% (1/2)">
              <conditions>
                <condition number="7" type="jump" coverage="50%" />
              </conditions>
            </line>
            <line number="21" hits="0" branch="False" />
            <line number="23" hits="9" branch="True" condition-coverage="100% (2/2)">
              <conditions>
                <condition number="24" type="jump" coverage="100%" />
              </conditions>
            </line>
            <line number="24" hits="1" branch="False" />
            <line number="26" hits="8" branch="False" />
            <line number="27" hits="8" branch="False" />
            <line number="28" hits="8" branch="False" />
            <line number="30" hits="8" branch="False" />
            <line number="31" hits="8" branch="False" />
            <line number="33" hits="8" branch="False" />
            <line number="34" hits="9" branch="False" />
            <line number="37" hits="9" branch="False" />
            <line number="38" hits="9" branch="False" />
            <line number="40" hits="35" branch="True" condition-coverage="100% (2/2)">
              <conditions>
                <condition number="127" type="jump" coverage="100%" />
              </conditions>
            </line>
            <line number="41" hits="8" branch="False" />
            <line number="42" hits="8" branch="False" />
            <line number="44" hits="32" branch="True" condition-coverage="100% (2/2)">
              <conditions>
                <condition number="82" type="jump" coverage="100%" />
              </conditions>
            </line>
            <line number="45" hits="8" branch="False" />
            <line number="46" hits="8" branch="True" condition-coverage="50% (1/2)">
              <conditions>
                <condition number="64" type="jump" coverage="50%" />
              </conditions>
            </line>
            <line number="47" hits="0" branch="False" />
            <line number="49" hits="8" branch="False" />
            <line number="50" hits="0" branch="False" />
            <line number="52" hits="8" branch="True" condition-coverage="50% (1/2)">
              <conditions>
                <condition number="112" type="jump" coverage="50%" />
              </conditions>
            </line>
            <line number="53" hits="8" branch="False" />
            <line number="54" hits="0" branch="False" />
            <line number="56" hits="1" branch="False" />
            <line number="57" hits="9" branch="False" />
            <line number="60" hits="16" branch="False" />
            <line number="61" hits="16" branch="True" condition-coverage="50% (1/2)">
              <conditions>
                <condition number="35" type="jump" coverage="50%" />
              </conditions>
            </line>
            <line number="62" hits="0" branch="False" />
            <line number="63" hits="16" branch="False" />
            <line number="66" hits="8" branch="False" />
            <line number="67" hits="8" branch="False" />
            <line number="69" hits="8" branch="False" />
            <line number="71" hits="148" branch="True" condition-coverage="100% (2/2)">
              <conditions>
                <condition number="266" type="jump" coverage="100%" />
              </conditions>
            </line>
            <line number="72" hits="66" branch="False" />
            <line number="73" hits="66" branch="False" />
            <line number="74" hits="66" branch="False" />
            <line number="76" hits="66" branch="False" />
            <line number="77" hits="66" branch="False" />
            <line number="79" hits="66" branch="False" />
            <line number="80" hits="132" branch="False" />
            <line number="81" hits="66" branch="False" />
            <line number="82" hits="66" branch="False" />
            <line number="84" hits="66" branch="False" />
            <line number="86" hits="726" branch="True" condition-coverage="100% (2/2)">
              <conditions>
                <condition number="224" type="jump" coverage="100%" />
              </conditions>
            </line>
            <line number="87" hits="264" branch="False" />
            <line number="88" hits="264" branch="True" condition-coverage="50% (1/2)">
              <conditions>
                <condition number="146" type="jump" coverage="50%" />
              </conditions>
            </line>
            <line number="89" hits="264" branch="True" condition-coverage="50% (1/2)">
              <conditions>
                <condition number="162" type="jump" coverage="50%" />
              </conditions>
            </line>
            <line number="91" hits="264" branch="True" condition-coverage="50% (1/2)">
              <conditions>
                <condition number="187" type="jump" coverage="50%" />
              </conditions>
            </line>
            <line number="92" hits="0" branch="False" />
            <line number="93" hits="0" branch="False" />
            <line number="94" hits="0" branch="False" />
            <line number="95" hits="0" branch="False" />
            <line number="97" hits="264" branch="False" />
            <line number="98" hits="264" branch="False" />
            <line number="99" hits="66" branch="False" />
            <line number="101" hits="8" branch="False" />
            <line number="102" hits="8" branch="False" />
            <line number="105" hits="8" branch="False" />
            <line number="106" hits="8" branch="False" />
            <line number="108" hits="8" branch="False" />
            <line number="110" hits="120" branch="True" condition-coverage="100% (2/2)">
              <conditions>
                <condition number="416" type="jump" coverage="100%" />
              </conditions>
            </line>
            <line number="111" hits="48" branch="False" />
            <line number="112" hits="48" branch="True" condition-coverage="100% (2/2)">
              <conditions>
                <condition number="49" type="jump" coverage="100%" />
              </conditions>
            </line>
            <line number="113" hits="16" branch="False" />
            <line number="114" hits="296" branch="True" condition-coverage="100% (2/2)">
              <conditions>
                <condition number="200" type="jump" coverage="100%" />
              </conditions>
            </line>
            <line number="115" hits="132" branch="False" />
            <line number="116" hits="132" branch="False" />
            <line number="118" hits="132" branch="True" condition-coverage="50% (1/2)">
              <conditions>
                <condition number="105" type="jump" coverage="50%" />
              </conditions>
            </line>
            <line number="119" hits="0" branch="False" />
            <line number="120" hits="0" branch="False" />
            <line number="121" hits="0" branch="False" />
            <line number="122" hits="0" branch="False" />
            <line number="123" hits="132" branch="False" />
            <line number="124" hits="16" branch="False" />
            <line number="126" hits="32" branch="False" />
            <line number="127" hits="528" branch="True" condition-coverage="100% (2/2)">
              <conditions>
                <condition number="402" type="jump" coverage="100%" />
              </conditions>
            </line>
            <line number="128" hits="232" branch="False" />
            <line number="129" hits="232" branch="False" />
            <line number="130" hits="232" branch="False" />
            <line number="132" hits="232" branch="True" condition-coverage="50% (1/2)">
              <conditions>
                <condition number="287" type="jump" coverage="50%" />
              </conditions>
            </line>
            <line number="133" hits="0" branch="False" />
            <line number="134" hits="0" branch="False" />
            <line number="135" hits="0" branch="False" />
            <line number="136" hits="0" branch="False" />
            <line number="137" hits="232" branch="False" />
            <line number="138" hits="32" branch="False" />
            <line number="139" hits="48" branch="False" />
            <line number="141" hits="8" branch="False" />
            <line number="142" hits="8" branch="False" />
          </lines>
        </class>
        <class name="Algorithm.New.Algorithm.Checkers.StackPairChecker" filename="Algorithm\Checkers\StackPairChecker.cs" line-rate="0.8" branch-rate="0.8332999999999999" complexity="18">
          <methods>
            <method name="CheckRules" signature="(Algorithm.New.Music.Stack,Algorithm.New.Music.Stack,Algorithm.New.Algorithm.Settings)" line-rate="0.8" branch-rate="0.8332999999999999" complexity="18">
              <lines>
                <line number="9" hits="58" branch="False" />
                <line number="10" hits="58" branch="False" />
                <line number="11" hits="58" branch="False" />
                <line number="13" hits="870" branch="True" condition-coverage="100% (2/2)">
                  <conditions>
                    <condition number="431" type="jump" coverage="100%" />
                  </conditions>
                </line>
                <line number="14" hits="348" branch="False" />
                <line number="15" hits="348" branch="True" condition-coverage="100% (2/2)">
                  <conditions>
                    <condition number="46" type="jump" coverage="100%" />
                  </conditions>
                </line>
                <line number="16" hits="116" branch="False" />
                <line number="17" hits="116" branch="True" condition-coverage="100% (2/2)">
                  <conditions>
                    <condition number="60" type="jump" coverage="100%" />
                  </conditions>
                </line>
                <line number="18" hits="116" branch="False" />
                <line number="19" hits="116" branch="False" />
                <line number="21" hits="116" branch="True" condition-coverage="50% (1/2)">
                  <conditions>
                    <condition number="95" type="jump" coverage="50%" />
                  </conditions>
                </line>
                <line number="22" hits="0" branch="False" />
                <line number="23" hits="0" branch="False" />
                <line number="24" hits="0" branch="False" />
                <line number="25" hits="0" branch="False" />
                <line number="26" hits="116" branch="False" />
                <line number="28" hits="116" branch="True" condition-coverage="100% (2/2)">
                  <conditions>
                    <condition number="172" type="jump" coverage="100%" />
                  </conditions>
                </line>
                <line number="29" hits="116" branch="False" />
                <line number="30" hits="116" branch="False" />
                <line number="32" hits="116" branch="True" condition-coverage="50% (1/2)">
                  <conditions>
                    <condition number="207" type="jump" coverage="50%" />
                  </conditions>
                </line>
                <line number="33" hits="0" branch="False" />
                <line number="34" hits="0" branch="False" />
                <line number="35" hits="0" branch="False" />
                <line number="36" hits="0" branch="False" />
                <line number="37" hits="116" branch="False" />
                <line number="38" hits="116" branch="False" />
                <line number="40" hits="232" branch="False" />
                <line number="41" hits="232" branch="True" condition-coverage="75% (3/4)">
                  <conditions>
                    <condition number="284" type="jump" coverage="50%" />
                    <condition number="297" type="jump" coverage="100%" />
                  </conditions>
                </line>
                <line number="42" hits="232" branch="False" />
                <line number="43" hits="232" branch="False" />
                <line number="45" hits="232" branch="True" condition-coverage="100% (2/2)">
                  <conditions>
                    <condition number="336" type="jump" coverage="100%" />
                  </conditions>
                </line>
                <line number="46" hits="42" branch="False" />
                <line number="47" hits="42" branch="False" />
                <line number="48" hits="42" branch="False" />
                <line number="49" hits="42" branch="False" />
                <line number="50" hits="232" branch="False" />
                <line number="51" hits="232" branch="False" />
                <line number="52" hits="348" branch="False" />
                <line number="54" hits="58" branch="False" />
                <line number="55" hits="58" branch="False" />
              </lines>
            </method>
          </methods>
          <lines>
            <line number="9" hits="58" branch="False" />
            <line number="10" hits="58" branch="False" />
            <line number="11" hits="58" branch="False" />
            <line number="13" hits="870" branch="True" condition-coverage="100% (2/2)">
              <conditions>
                <condition number="431" type="jump" coverage="100%" />
              </conditions>
            </line>
            <line number="14" hits="348" branch="False" />
            <line number="15" hits="348" branch="True" condition-coverage="100% (2/2)">
              <conditions>
                <condition number="46" type="jump" coverage="100%" />
              </conditions>
            </line>
            <line number="16" hits="116" branch="False" />
            <line number="17" hits="116" branch="True" condition-coverage="100% (2/2)">
              <conditions>
                <condition number="60" type="jump" coverage="100%" />
              </conditions>
            </line>
            <line number="18" hits="116" branch="False" />
            <line number="19" hits="116" branch="False" />
            <line number="21" hits="116" branch="True" condition-coverage="50% (1/2)">
              <conditions>
                <condition number="95" type="jump" coverage="50%" />
              </conditions>
            </line>
            <line number="22" hits="0" branch="False" />
            <line number="23" hits="0" branch="False" />
            <line number="24" hits="0" branch="False" />
            <line number="25" hits="0" branch="False" />
            <line number="26" hits="116" branch="False" />
            <line number="28" hits="116" branch="True" condition-coverage="100% (2/2)">
              <conditions>
                <condition number="172" type="jump" coverage="100%" />
              </conditions>
            </line>
            <line number="29" hits="116" branch="False" />
            <line number="30" hits="116" branch="False" />
            <line number="32" hits="116" branch="True" condition-coverage="50% (1/2)">
              <conditions>
                <condition number="207" type="jump" coverage="50%" />
              </conditions>
            </line>
            <line number="33" hits="0" branch="False" />
            <line number="34" hits="0" branch="False" />
            <line number="35" hits="0" branch="False" />
            <line number="36" hits="0" branch="False" />
            <line number="37" hits="116" branch="False" />
            <line number="38" hits="116" branch="False" />
            <line number="40" hits="232" branch="False" />
            <line number="41" hits="232" branch="True" condition-coverage="75% (3/4)">
              <conditions>
                <condition number="284" type="jump" coverage="50%" />
                <condition number="297" type="jump" coverage="100%" />
              </conditions>
            </line>
            <line number="42" hits="232" branch="False" />
            <line number="43" hits="232" branch="False" />
            <line number="45" hits="232" branch="True" condition-coverage="100% (2/2)">
              <conditions>
                <condition number="336" type="jump" coverage="100%" />
              </conditions>
            </line>
            <line number="46" hits="42" branch="False" />
            <line number="47" hits="42" branch="False" />
            <line number="48" hits="42" branch="False" />
            <line number="49" hits="42" branch="False" />
            <line number="50" hits="232" branch="False" />
            <line number="51" hits="232" branch="False" />
            <line number="52" hits="348" branch="False" />
            <line number="54" hits="58" branch="False" />
            <line number="55" hits="58" branch="False" />
          </lines>
        </class>
      </classes>
    </package>
  </packages>
</coverage>